Binary Serialization Format
File: F:/Desktop/tmp/bindiff/batim.game
Length: 8202

SerializationHeader:
  RecordTypeEnum: 0 (0x0) [0x0,0x1]
  RootId: 1 (0x01) [0x1,0x4]
  HeaderId: -1 (0xffffffff) [0x5,0x4]
  MajorVersion: 1 (0x01) [0x9,0x4]
  MinorVersion: 0 (0x0) [0xd,0x4]
BinaryLibrary:
  RecordTypeEnum: 12 (0x0c) [0x11,0x1]
  LibraryId: 2 (0x02) [0x12,0x4]
  LibraryName: "Assembly-CSharp" [0x17,0xf]
ClassWithMembersAndTypes:
  RecordTypeEnum: 5 (0x05) [0x26,0x1]
  ClassInfo:
    ObjectId: 1 (0x01) [0x27,0x4]
    Name: "TMG.Data.GameData" [0x2c,0x11]
    MemberCount: 13 (0x0d) [0x3d,0x4]
    MemberNames: [
      "SaveFiles" [0x42,0x9]
      "CurrentSaveFile" [0x4c,0xf]
      "NoSaveFile" [0x5c,0xa]
      "CH1AchievementData" [0x67,0x12]
      "CH2AchievementData" [0x7a,0x12]
      "CH3AchievementData" [0x8d,0x12]
      "CH4AchievementData" [0xa0,0x12]
      "CH5AchievementData" [0xb3,0x12]
      "ContinueIndex" [0xc6,0xd]
      "HasChapter02" [0xd4,0xc]
      "HasChapter03" [0xe1,0xc]
      "HasChapter04" [0xee,0xc]
      "HasChapter05" [0xfb,0xc]
    ]
  MemberTypeInfo:
    BinaryTypeEnums: [
      Class (0x04) [0x107,0x1]
      Class (0x04) [0x108,0x1]
      Class (0x04) [0x109,0x1]
      Class (0x04) [0x10a,0x1]
      Class (0x04) [0x10b,0x1]
      Class (0x04) [0x10c,0x1]
      Class (0x04) [0x10d,0x1]
      Class (0x04) [0x10e,0x1]
      Primitive (0x0) [0x10f,0x1]
      Primitive (0x0) [0x110,0x1]
      Primitive (0x0) [0x111,0x1]
      Primitive (0x0) [0x112,0x1]
      Primitive (0x0) [0x113,0x1]
    ]
    AdditionalInfos: [
      ClassTypeInfo:
        TypeName: "TMG.Data.SaveFileData[]" [0x115,0x17]
        LibraryId: 2 (0x02) [0x12c,0x4]
      ClassTypeInfo:
        TypeName: "TMG.Data.SaveFileData" [0x131,0x15]
        LibraryId: 2 (0x02) [0x146,0x4]
      ClassTypeInfo:
        TypeName: "TMG.Data.SaveFileData" [0x14b,0x15]
        LibraryId: 2 (0x02) [0x160,0x4]
      ClassTypeInfo:
        TypeName: "TMG.Data.AchievementSaveData" [0x165,0x1c]
        LibraryId: 2 (0x02) [0x181,0x4]
      ClassTypeInfo:
        TypeName: "TMG.Data.AchievementSaveData" [0x186,0x1c]
        LibraryId: 2 (0x02) [0x1a2,0x4]
      ClassTypeInfo:
        TypeName: "TMG.Data.AchievementSaveData" [0x1a7,0x1c]
        LibraryId: 2 (0x02) [0x1c3,0x4]
      ClassTypeInfo:
        TypeName: "TMG.Data.AchievementSaveData" [0x1c8,0x1c]
        LibraryId: 2 (0x02) [0x1e4,0x4]
      ClassTypeInfo:
        TypeName: "TMG.Data.AchievementSaveData" [0x1e9,0x1c]
        LibraryId: 2 (0x02) [0x205,0x4]
      Int32 (0x08) [0x209,0x1]
      Boolean (0x01) [0x20a,0x1]
      Boolean (0x01) [0x20b,0x1]
      Boolean (0x01) [0x20c,0x1]
      Boolean (0x01) [0x20d,0x1]
    ]
  LibraryId: 2 (0x02) [0x20e,0x4]
  MemberReferences: [
    MemberReference:
      IdRef: 3 (0x03) [0x213,0x4]
    MemberReference:
      IdRef: 4 (0x04) [0x218,0x4]
    MemberReference:
      IdRef: 4 (0x04) [0x21d,0x4]
    MemberReference:
      IdRef: 5 (0x05) [0x222,0x4]
    MemberReference:
      IdRef: 6 (0x06) [0x227,0x4]
    MemberReference:
      IdRef: 7 (0x07) [0x22c,0x4]
    MemberReference:
      IdRef: 8 (0x08) [0x231,0x4]
    MemberReference:
      IdRef: 9 (0x09) [0x236,0x4]
    5 (0x05) [0x23a,0x4]
    true (0x01) [0x23e,0x1]
    true (0x01) [0x23f,0x1]
    true (0x01) [0x240,0x1]
    true (0x01) [0x241,0x1]
  ]
BinaryArray:
  ObjectId: 3 (0x03) [0x243,0x4]
  BinaryArrayTypeEnum:
    Single (0x0) [0x247,0x1]
  Rank: 1 (0x01) [0x248,0x4]
  Lengths: [
    3 (0x03) [0x24c,0x4]
  ]
  TypeEnum:
    Class (0x04) [0x250,0x1]
  AdditionalTypeInfo:
    ClassTypeInfo:
      TypeName: "TMG.Data.SaveFileData" [0x252,0x15]
      LibraryId: 2 (0x02) [0x267,0x4]
  MemberReferences: [
    MemberReference:
      IdRef: 10 (0x0a) [0x26c,0x4]
    null
    MemberReference:
      IdRef: 11 (0x0b) [0x272,0x4]
  ]
ClassWithMembersAndTypes:
  RecordTypeEnum: 5 (0x05) [0x276,0x1]
  ClassInfo:
    ObjectId: 4 (0x04) [0x277,0x4]
    Name: "TMG.Data.SaveFileData" [0x27c,0x15]
    MemberCount: 13 (0x0d) [0x291,0x4]
    MemberNames: [
      "ID" [0x296,0x2]
      "CurrentChapter" [0x299,0xe]
      "HasDied" [0x2a8,0x7]
      "PlayTime" [0x2b0,0x8]
      "IsNewGamePlus" [0x2b9,0xd]
      "CompleteCount" [0x2c7,0xd]
      "Internecions" [0x2d5,0xc]
      "Internecion" [0x2e2,0xb]
      "CH1Data" [0x2ee,0x7]
      "CH2Data" [0x2f6,0x7]
      "CH3Data" [0x2fe,0x7]
      "CH4Data" [0x306,0x7]
      "CH5Data" [0x30e,0x7]
    ]
  MemberTypeInfo:
    BinaryTypeEnums: [
      Primitive (0x0) [0x315,0x1]
      Primitive (0x0) [0x316,0x1]
      Primitive (0x0) [0x317,0x1]
      Primitive (0x0) [0x318,0x1]
      Primitive (0x0) [0x319,0x1]
      Primitive (0x0) [0x31a,0x1]
      PrimitiveArray (0x07) [0x31b,0x1]
      String (0x01) [0x31c,0x1]
      Class (0x04) [0x31d,0x1]
      Class (0x04) [0x31e,0x1]
      Class (0x04) [0x31f,0x1]
      Class (0x04) [0x320,0x1]
      Class (0x04) [0x321,0x1]
    ]
    AdditionalInfos: [
      Int32 (0x08) [0x322,0x1]
      Int32 (0x08) [0x323,0x1]
      Boolean (0x01) [0x324,0x1]
      Single (0x0b) [0x325,0x1]
      Boolean (0x01) [0x326,0x1]
      Int32 (0x08) [0x327,0x1]
      Int32 (0x08) [0x328,0x1]
      ClassTypeInfo:
        TypeName: "CH1DataVO" [0x32a,0x9]
        LibraryId: 2 (0x02) [0x333,0x4]
      ClassTypeInfo:
        TypeName: "CH2DataVO" [0x338,0x9]
        LibraryId: 2 (0x02) [0x341,0x4]
      ClassTypeInfo:
        TypeName: "CH3DataVO" [0x346,0x9]
        LibraryId: 2 (0x02) [0x34f,0x4]
      ClassTypeInfo:
        TypeName: "CH4DataVO" [0x354,0x9]
        LibraryId: 2 (0x02) [0x35d,0x4]
      ClassTypeInfo:
        TypeName: "CH5DataVO" [0x362,0x9]
        LibraryId: 2 (0x02) [0x36b,0x4]
    ]
  LibraryId: 2 (0x02) [0x36f,0x4]
  MemberReferences: [
    -1 (0xffffffff) [0x373,0x4]
    0 (0x0) [0x377,0x4]
    false (0x0) [0x37b,0x1]
    0 (0x0) [0x37c,0x4]
    true (0x01) [0x380,0x1]
    0 (0x0) [0x381,0x4]
    MemberReference:
      IdRef: 12 (0x0c) [0x386,0x4]
    BinaryObjectString:
      ObjectId: 13 (0x0d) [0x38b,0x4]
      Value: "" [0x390,0x0]
    MemberReference:
      IdRef: 14 (0x0e) [0x391,0x4]
    MemberReference:
      IdRef: 15 (0x0f) [0x396,0x4]
    MemberReference:
      IdRef: 16 (0x1) [0x39b,0x4]
    MemberReference:
      IdRef: 17 (0x11) [0x3a0,0x4]
    MemberReference:
      IdRef: 18 (0x12) [0x3a5,0x4]
  ]
ClassWithMembersAndTypes:
  RecordTypeEnum: 5 (0x05) [0x3a9,0x1]
  ClassInfo:
    ObjectId: 5 (0x05) [0x3aa,0x4]
    Name: "TMG.Data.AchievementSaveData" [0x3af,0x1c]
    MemberCount: 2 (0x02) [0x3cb,0x4]
    MemberNames: [
      "AudioLogs" [0x3d0,0x9]
      "BaconSoup" [0x3da,0x9]
    ]
  MemberTypeInfo:
    BinaryTypeEnums: [
      SystemClass (0x03) [0x3e3,0x1]
      SystemClass (0x03) [0x3e4,0x1]
    ]
    AdditionalInfos: [
      "System.Collections.Generic.List`1[[System.Int32, mscorlib, Version=2.0.0.0, Culture=neutral, PublicKeyToken=b77a5c561934e089]]" [0x3e6,0x7e]
      "System.Collections.Generic.List`1[[System.Int32, mscorlib, Version=2.0.0.0, Culture=neutral, PublicKeyToken=b77a5c561934e089]]" [0x465,0x7e]
    ]
  LibraryId: 2 (0x02) [0x4e3,0x4]
  MemberReferences: [
    MemberReference:
      IdRef: 19 (0x13) [0x4e8,0x4]
    MemberReference:
      IdRef: 20 (0x14) [0x4ed,0x4]
  ]
ClassWithId:
  RecordTypeEnum: 1 (0x01) [0x4f1,0x1]
  ObjectId: 6 (0x06) [0x4f2,0x4]
  MetadataId: 5 (0x05) [0x4f6,0x4]
  MemberReferences: [
    MemberReference:
      IdRef: 21 (0x15) [0x4fb,0x4]
    MemberReference:
      IdRef: 22 (0x16) [0x500,0x4]
  ]
ClassWithId:
  RecordTypeEnum: 1 (0x01) [0x504,0x1]
  ObjectId: 7 (0x07) [0x505,0x4]
  MetadataId: 5 (0x05) [0x509,0x4]
  MemberReferences: [
    MemberReference:
      IdRef: 23 (0x17) [0x50e,0x4]
    MemberReference:
      IdRef: 24 (0x18) [0x513,0x4]
  ]
ClassWithId:
  RecordTypeEnum: 1 (0x01) [0x517,0x1]
  ObjectId: 8 (0x08) [0x518,0x4]
  MetadataId: 5 (0x05) [0x51c,0x4]
  MemberReferences: [
    MemberReference:
      IdRef: 25 (0x19) [0x521,0x4]
    MemberReference:
      IdRef: 26 (0x1a) [0x526,0x4]
  ]
ClassWithId:
  RecordTypeEnum: 1 (0x01) [0x52a,0x1]
  ObjectId: 9 (0x09) [0x52b,0x4]
  MetadataId: 5 (0x05) [0x52f,0x4]
  MemberReferences: [
    MemberReference:
      IdRef: 27 (0x1b) [0x534,0x4]
    MemberReference:
      IdRef: 28 (0x1c) [0x539,0x4]
  ]
ClassWithId:
  RecordTypeEnum: 1 (0x01) [0x53d,0x1]
  ObjectId: 10 (0x0a) [0x53e,0x4]
  MetadataId: 4 (0x04) [0x542,0x4]
  MemberReferences: [
    0 (0x0) [0x546,0x4]
    5 (0x05) [0x54a,0x4]
    false (0x0) [0x54e,0x1]
    1.6815581571897805e-44 (0x0c) [0x54f,0x4]
    true (0x01) [0x553,0x1]
    0 (0x0) [0x554,0x4]
    MemberReference:
      IdRef: 29 (0x1d) [0x559,0x4]
    MemberReference:
      IdRef: 13 (0x0d) [0x55e,0x4]
    MemberReference:
      IdRef: 30 (0x1e) [0x563,0x4]
    null
    null
    null
    null
  ]
ClassWithId:
  RecordTypeEnum: 1 (0x01) [0x56b,0x1]
  ObjectId: 11 (0x0b) [0x56c,0x4]
  MetadataId: 4 (0x04) [0x570,0x4]
  MemberReferences: [
    2 (0x02) [0x574,0x4]
    0 (0x0) [0x578,0x4]
    false (0x0) [0x57c,0x1]
    0 (0x0) [0x57d,0x4]
    false (0x0) [0x581,0x1]
    0 (0x0) [0x582,0x4]
    MemberReference:
      IdRef: 31 (0x1f) [0x587,0x4]
    MemberReference:
      IdRef: 13 (0x0d) [0x58c,0x4]
    MemberReference:
      IdRef: 32 (0x2) [0x591,0x4]
    null
    null
    null
    null
  ]
ArraySinglePrimitive:
  RecordTypeEnum: 15 (0x0f) [0x599,0x1]
  ArrayInfo:
    ObjectId: 12 (0x0c) [0x59a,0x4]
    Length: 5 (0x05) [0x59e,0x4]
  PrimitiveTypeEnum:
    Int32 (0x08) [0x5a2,0x1]
  Values: [
    0 (0x0) [0x5a3,0x4]
    0 (0x0) [0x5a7,0x4]
    0 (0x0) [0x5ab,0x4]
    0 (0x0) [0x5af,0x4]
    0 (0x0) [0x5b3,0x4]
  ]
ClassWithMembersAndTypes:
  RecordTypeEnum: 5 (0x05) [0x5b7,0x1]
  ClassInfo:
    ObjectId: 14 (0x0e) [0x5b8,0x4]
    Name: "CH1DataVO" [0x5bd,0x9]
    MemberCount: 17 (0x11) [0x5c6,0x4]
    MemberNames: [
      "Inkwell" [0x5cb,0x7]
      "Doll" [0x5d3,0x4]
      "Record" [0x5d8,0x6]
      "Book" [0x5df,0x4]
      "Wrench" [0x5e4,0x6]
      "Gear" [0x5eb,0x4]
      "InkMachineRevealObjective" [0x5f0,0x19]
      "CollectablesObjective" [0x60a,0x15]
      "TheatreObjective" [0x620,0x10]
      "InkMachineObjective" [0x631,0x13]
      "BendyChaseObjective" [0x645,0x13]
      "BasementObjective" [0x659,0x11]
      "PlayerPosition" [0x66b,0xe]
      "PlayerRotation" [0x67a,0xe]
      "HasDied" [0x689,0x7]
      "IsChapterComplete" [0x691,0x11]
      "HasSaveData" [0x6a3,0xb]
    ]
  MemberTypeInfo:
    BinaryTypeEnums: [
      Class (0x04) [0x6ae,0x1]
      Class (0x04) [0x6af,0x1]
      Class (0x04) [0x6b0,0x1]
      Class (0x04) [0x6b1,0x1]
      Class (0x04) [0x6b2,0x1]
      Class (0x04) [0x6b3,0x1]
      Class (0x04) [0x6b4,0x1]
      Class (0x04) [0x6b5,0x1]
      Class (0x04) [0x6b6,0x1]
      Class (0x04) [0x6b7,0x1]
      Class (0x04) [0x6b8,0x1]
      Class (0x04) [0x6b9,0x1]
      Class (0x04) [0x6ba,0x1]
      Class (0x04) [0x6bb,0x1]
      Primitive (0x0) [0x6bc,0x1]
      Primitive (0x0) [0x6bd,0x1]
      Primitive (0x0) [0x6be,0x1]
    ]
    AdditionalInfos: [
      ClassTypeInfo:
        TypeName: "ObjectiveSaveDataVO" [0x6c0,0x13]
        LibraryId: 2 (0x02) [0x6d3,0x4]
      ClassTypeInfo:
        TypeName: "ObjectiveSaveDataVO" [0x6d8,0x13]
        LibraryId: 2 (0x02) [0x6eb,0x4]
      ClassTypeInfo:
        TypeName: "ObjectiveSaveDataVO" [0x6f0,0x13]
        LibraryId: 2 (0x02) [0x703,0x4]
      ClassTypeInfo:
        TypeName: "ObjectiveSaveDataVO" [0x708,0x13]
        LibraryId: 2 (0x02) [0x71b,0x4]
      ClassTypeInfo:
        TypeName: "ObjectiveSaveDataVO" [0x720,0x13]
        LibraryId: 2 (0x02) [0x733,0x4]
      ClassTypeInfo:
        TypeName: "ObjectiveSaveDataVO" [0x738,0x13]
        LibraryId: 2 (0x02) [0x74b,0x4]
      ClassTypeInfo:
        TypeName: "ObjectiveSaveDataVO" [0x750,0x13]
        LibraryId: 2 (0x02) [0x763,0x4]
      ClassTypeInfo:
        TypeName: "ObjectiveSaveDataVO" [0x768,0x13]
        LibraryId: 2 (0x02) [0x77b,0x4]
      ClassTypeInfo:
        TypeName: "ObjectiveSaveDataVO" [0x780,0x13]
        LibraryId: 2 (0x02) [0x793,0x4]
      ClassTypeInfo:
        TypeName: "ObjectiveSaveDataVO" [0x798,0x13]
        LibraryId: 2 (0x02) [0x7ab,0x4]
      ClassTypeInfo:
        TypeName: "ObjectiveSaveDataVO" [0x7b0,0x13]
        LibraryId: 2 (0x02) [0x7c3,0x4]
      ClassTypeInfo:
        TypeName: "ObjectiveSaveDataVO" [0x7c8,0x13]
        LibraryId: 2 (0x02) [0x7db,0x4]
      ClassTypeInfo:
        TypeName: "Vector3DataVO" [0x7e0,0xd]
        LibraryId: 2 (0x02) [0x7ed,0x4]
      ClassTypeInfo:
        TypeName: "Vector3DataVO" [0x7f2,0xd]
        LibraryId: 2 (0x02) [0x7ff,0x4]
      Boolean (0x01) [0x803,0x1]
      Boolean (0x01) [0x804,0x1]
      Boolean (0x01) [0x805,0x1]
    ]
  LibraryId: 2 (0x02) [0x806,0x4]
  MemberReferences: [
    MemberReference:
      IdRef: 33 (0x21) [0x80b,0x4]
    MemberReference:
      IdRef: 34 (0x22) [0x810,0x4]
    MemberReference:
      IdRef: 35 (0x23) [0x815,0x4]
    MemberReference:
      IdRef: 36 (0x24) [0x81a,0x4]
    MemberReference:
      IdRef: 37 (0x25) [0x81f,0x4]
    MemberReference:
      IdRef: 38 (0x26) [0x824,0x4]
    MemberReference:
      IdRef: 39 (0x27) [0x829,0x4]
    MemberReference:
      IdRef: 40 (0x28) [0x82e,0x4]
    MemberReference:
      IdRef: 41 (0x29) [0x833,0x4]
    MemberReference:
      IdRef: 42 (0x2a) [0x838,0x4]
    MemberReference:
      IdRef: 43 (0x2b) [0x83d,0x4]
    MemberReference:
      IdRef: 44 (0x2c) [0x842,0x4]
    null
    null
    false (0x0) [0x848,0x1]
    false (0x0) [0x849,0x1]
    false (0x0) [0x84a,0x1]
  ]
ClassWithMembersAndTypes:
  RecordTypeEnum: 5 (0x05) [0x84b,0x1]
  ClassInfo:
    ObjectId: 15 (0x0f) [0x84c,0x4]
    Name: "CH2DataVO" [0x851,0x9]
    MemberCount: 15 (0x0f) [0x85a,0x4]
    MemberNames: [
      "InternecionValue" [0x85f,0x10]
      "RitualObjective" [0x870,0xf]
      "GateObjective" [0x880,0xd]
      "MusicDepartmentObjective" [0x88e,0x18]
      "LostKeysObjective" [0x8a7,0x11]
      "MusicPuzzleObjective" [0x8b9,0x14]
      "SanctuaryObjective" [0x8ce,0x12]
      "InfirmaryObjective" [0x8e1,0x12]
      "SewersObjective" [0x8f4,0xf]
      "SammysOfficeObjective" [0x904,0x15]
      "PlayerPosition" [0x91a,0xe]
      "PlayerRotation" [0x929,0xe]
      "HasDied" [0x938,0x7]
      "IsChapterComplete" [0x940,0x11]
      "HasSaveData" [0x952,0xb]
    ]
  MemberTypeInfo:
    BinaryTypeEnums: [
      Primitive (0x0) [0x95d,0x1]
      Class (0x04) [0x95e,0x1]
      Class (0x04) [0x95f,0x1]
      Class (0x04) [0x960,0x1]
      Class (0x04) [0x961,0x1]
      Class (0x04) [0x962,0x1]
      Class (0x04) [0x963,0x1]
      Class (0x04) [0x964,0x1]
      Class (0x04) [0x965,0x1]
      Class (0x04) [0x966,0x1]
      Class (0x04) [0x967,0x1]
      Class (0x04) [0x968,0x1]
      Primitive (0x0) [0x969,0x1]
      Primitive (0x0) [0x96a,0x1]
      Primitive (0x0) [0x96b,0x1]
    ]
    AdditionalInfos: [
      Int32 (0x08) [0x96c,0x1]
      ClassTypeInfo:
        TypeName: "ObjectiveSaveDataVO" [0x96e,0x13]
        LibraryId: 2 (0x02) [0x981,0x4]
      ClassTypeInfo:
        TypeName: "ObjectiveSaveDataVO" [0x986,0x13]
        LibraryId: 2 (0x02) [0x999,0x4]
      ClassTypeInfo:
        TypeName: "ObjectiveSaveDataVO" [0x99e,0x13]
        LibraryId: 2 (0x02) [0x9b1,0x4]
      ClassTypeInfo:
        TypeName: "ObjectiveSaveDataVO" [0x9b6,0x13]
        LibraryId: 2 (0x02) [0x9c9,0x4]
      ClassTypeInfo:
        TypeName: "ObjectiveSaveDataVO" [0x9ce,0x13]
        LibraryId: 2 (0x02) [0x9e1,0x4]
      ClassTypeInfo:
        TypeName: "ObjectiveSaveDataVO" [0x9e6,0x13]
        LibraryId: 2 (0x02) [0x9f9,0x4]
      ClassTypeInfo:
        TypeName: "ObjectiveSaveDataVO" [0x9fe,0x13]
        LibraryId: 2 (0x02) [0xa11,0x4]
      ClassTypeInfo:
        TypeName: "ObjectiveSaveDataVO" [0xa16,0x13]
        LibraryId: 2 (0x02) [0xa29,0x4]
      ClassTypeInfo:
        TypeName: "ObjectiveSaveDataVO" [0xa2e,0x13]
        LibraryId: 2 (0x02) [0xa41,0x4]
      ClassTypeInfo:
        TypeName: "Vector3DataVO" [0xa46,0xd]
        LibraryId: 2 (0x02) [0xa53,0x4]
      ClassTypeInfo:
        TypeName: "Vector3DataVO" [0xa58,0xd]
        LibraryId: 2 (0x02) [0xa65,0x4]
      Boolean (0x01) [0xa69,0x1]
      Boolean (0x01) [0xa6a,0x1]
      Boolean (0x01) [0xa6b,0x1]
    ]
  LibraryId: 2 (0x02) [0xa6c,0x4]
  MemberReferences: [
    0 (0x0) [0xa70,0x4]
    MemberReference:
      IdRef: 45 (0x2d) [0xa75,0x4]
    MemberReference:
      IdRef: 46 (0x2e) [0xa7a,0x4]
    MemberReference:
      IdRef: 47 (0x2f) [0xa7f,0x4]
    MemberReference:
      IdRef: 48 (0x3) [0xa84,0x4]
    MemberReference:
      IdRef: 49 (0x31) [0xa89,0x4]
    MemberReference:
      IdRef: 50 (0x32) [0xa8e,0x4]
    MemberReference:
      IdRef: 51 (0x33) [0xa93,0x4]
    MemberReference:
      IdRef: 52 (0x34) [0xa98,0x4]
    MemberReference:
      IdRef: 53 (0x35) [0xa9d,0x4]
    null
    null
    false (0x0) [0xaa3,0x1]
    false (0x0) [0xaa4,0x1]
    false (0x0) [0xaa5,0x1]
  ]
ClassWithMembersAndTypes:
  RecordTypeEnum: 5 (0x05) [0xaa6,0x1]
  ClassInfo:
    ObjectId: 16 (0x1) [0xaa7,0x4]
    Name: "CH3DataVO" [0xaac,0x9]
    MemberCount: 33 (0x21) [0xab5,0x4]
    MemberNames: [
      "InternecionValue" [0xaba,0x10]
      "LiftFloor" [0xacb,0x9]
      "SqueakyToys" [0xad5,0xb]
      "Toy" [0xae1,0x3]
      "ChoseDevilsPath" [0xae5,0xf]
      "HasTommyGun" [0xaf5,0xb]
      "HasBorisBone" [0xb01,0xc]
      "IsSpeakeasyComplete" [0xb0e,0x13]
      "IsHenryUnlocked" [0xb22,0xf]
      "UsedAxe" [0xb32,0x7]
      "IsProjectionistKilled" [0xb3a,0x15]
      "AccountingRoom" [0xb50,0xe]
      "SafehouseObjective" [0xb5f,0x12]
      "DarkHallwayObjective" [0xb72,0x14]
      "HeavenlyToysObjective" [0xb87,0x15]
      "AliceRevealObjective" [0xb9d,0x14]
      "DecisionObjective" [0xbb2,0x11]
      "BorisJumpscareObjective" [0xbc4,0x17]
      "PosterPiperObjective" [0xbdc,0x14]
      "EnterLiftObjective" [0xbf1,0x12]
      "AliceLairObjective" [0xc04,0x12]
      "AliceTasksObjective" [0xc17,0x13]
      "GearTask" [0xc2b,0x8]
      "ThickInkTask" [0xc34,0xc]
      "PowerCoreTask" [0xc41,0xd]
      "CutoutTask" [0xc4f,0xa]
      "ButcherGangTask" [0xc5a,0xf]
      "HeartTask" [0xc6a,0x9]
      "PlayerPosition" [0xc74,0xe]
      "PlayerRotation" [0xc83,0xe]
      "HasDied" [0xc92,0x7]
      "IsChapterComplete" [0xc9a,0x11]
      "HasSaveData" [0xcac,0xb]
    ]
  MemberTypeInfo:
    BinaryTypeEnums: [
      Primitive (0x0) [0xcb7,0x1]
      Primitive (0x0) [0xcb8,0x1]
      SystemClass (0x03) [0xcb9,0x1]
      Primitive (0x0) [0xcba,0x1]
      Primitive (0x0) [0xcbb,0x1]
      Primitive (0x0) [0xcbc,0x1]
      Primitive (0x0) [0xcbd,0x1]
      Primitive (0x0) [0xcbe,0x1]
      Primitive (0x0) [0xcbf,0x1]
      Primitive (0x0) [0xcc0,0x1]
      Primitive (0x0) [0xcc1,0x1]
      Class (0x04) [0xcc2,0x1]
      Class (0x04) [0xcc3,0x1]
      Class (0x04) [0xcc4,0x1]
      Class (0x04) [0xcc5,0x1]
      Class (0x04) [0xcc6,0x1]
      Class (0x04) [0xcc7,0x1]
      Class (0x04) [0xcc8,0x1]
      Class (0x04) [0xcc9,0x1]
      Class (0x04) [0xcca,0x1]
      Class (0x04) [0xccb,0x1]
      Class (0x04) [0xccc,0x1]
      Class (0x04) [0xccd,0x1]
      Class (0x04) [0xcce,0x1]
      Class (0x04) [0xccf,0x1]
      Class (0x04) [0xcd0,0x1]
      Class (0x04) [0xcd1,0x1]
      Class (0x04) [0xcd2,0x1]
      Class (0x04) [0xcd3,0x1]
      Class (0x04) [0xcd4,0x1]
      Primitive (0x0) [0xcd5,0x1]
      Primitive (0x0) [0xcd6,0x1]
      Primitive (0x0) [0xcd7,0x1]
    ]
    AdditionalInfos: [
      Int32 (0x08) [0xcd8,0x1]
      Int32 (0x08) [0xcd9,0x1]
      "System.Collections.Generic.List`1[[System.Int32, mscorlib, Version=2.0.0.0, Culture=neutral, PublicKeyToken=b77a5c561934e089]]" [0xcdb,0x7e]
      Int32 (0x08) [0xd59,0x1]
      Boolean (0x01) [0xd5a,0x1]
      Boolean (0x01) [0xd5b,0x1]
      Boolean (0x01) [0xd5c,0x1]
      Boolean (0x01) [0xd5d,0x1]
      Boolean (0x01) [0xd5e,0x1]
      Boolean (0x01) [0xd5f,0x1]
      Boolean (0x01) [0xd60,0x1]
      ClassTypeInfo:
        TypeName: "ObjectiveSaveDataVO" [0xd62,0x13]
        LibraryId: 2 (0x02) [0xd75,0x4]
      ClassTypeInfo:
        TypeName: "ObjectiveSaveDataVO" [0xd7a,0x13]
        LibraryId: 2 (0x02) [0xd8d,0x4]
      ClassTypeInfo:
        TypeName: "ObjectiveSaveDataVO" [0xd92,0x13]
        LibraryId: 2 (0x02) [0xda5,0x4]
      ClassTypeInfo:
        TypeName: "ObjectiveSaveDataVO" [0xdaa,0x13]
        LibraryId: 2 (0x02) [0xdbd,0x4]
      ClassTypeInfo:
        TypeName: "ObjectiveSaveDataVO" [0xdc2,0x13]
        LibraryId: 2 (0x02) [0xdd5,0x4]
      ClassTypeInfo:
        TypeName: "ObjectiveSaveDataVO" [0xdda,0x13]
        LibraryId: 2 (0x02) [0xded,0x4]
      ClassTypeInfo:
        TypeName: "ObjectiveSaveDataVO" [0xdf2,0x13]
        LibraryId: 2 (0x02) [0xe05,0x4]
      ClassTypeInfo:
        TypeName: "ObjectiveSaveDataVO" [0xe0a,0x13]
        LibraryId: 2 (0x02) [0xe1d,0x4]
      ClassTypeInfo:
        TypeName: "ObjectiveSaveDataVO" [0xe22,0x13]
        LibraryId: 2 (0x02) [0xe35,0x4]
      ClassTypeInfo:
        TypeName: "ObjectiveSaveDataVO" [0xe3a,0x13]
        LibraryId: 2 (0x02) [0xe4d,0x4]
      ClassTypeInfo:
        TypeName: "ObjectiveSaveDataVO" [0xe52,0x13]
        LibraryId: 2 (0x02) [0xe65,0x4]
      ClassTypeInfo:
        TypeName: "ObjectiveIDDataVO" [0xe6a,0x11]
        LibraryId: 2 (0x02) [0xe7b,0x4]
      ClassTypeInfo:
        TypeName: "ObjectiveIDDataVO" [0xe80,0x11]
        LibraryId: 2 (0x02) [0xe91,0x4]
      ClassTypeInfo:
        TypeName: "ObjectiveIDDataVO" [0xe96,0x11]
        LibraryId: 2 (0x02) [0xea7,0x4]
      ClassTypeInfo:
        TypeName: "ObjectiveIDDataVO" [0xeac,0x11]
        LibraryId: 2 (0x02) [0xebd,0x4]
      ClassTypeInfo:
        TypeName: "ObjectiveSaveDataVO" [0xec2,0x13]
        LibraryId: 2 (0x02) [0xed5,0x4]
      ClassTypeInfo:
        TypeName: "ObjectiveIDDataVO" [0xeda,0x11]
        LibraryId: 2 (0x02) [0xeeb,0x4]
      ClassTypeInfo:
        TypeName: "Vector3DataVO" [0xef0,0xd]
        LibraryId: 2 (0x02) [0xefd,0x4]
      ClassTypeInfo:
        TypeName: "Vector3DataVO" [0xf02,0xd]
        LibraryId: 2 (0x02) [0xf0f,0x4]
      Boolean (0x01) [0xf13,0x1]
      Boolean (0x01) [0xf14,0x1]
      Boolean (0x01) [0xf15,0x1]
    ]
  LibraryId: 2 (0x02) [0xf16,0x4]
  MemberReferences: [
    0 (0x0) [0xf1a,0x4]
    0 (0x0) [0xf1e,0x4]
    MemberReference:
      IdRef: 54 (0x36) [0xf23,0x4]
    0 (0x0) [0xf27,0x4]
    false (0x0) [0xf2b,0x1]
    false (0x0) [0xf2c,0x1]
    false (0x0) [0xf2d,0x1]
    false (0x0) [0xf2e,0x1]
    false (0x0) [0xf2f,0x1]
    false (0x0) [0xf30,0x1]
    false (0x0) [0xf31,0x1]
    MemberReference:
      IdRef: 55 (0x37) [0xf33,0x4]
    MemberReference:
      IdRef: 56 (0x38) [0xf38,0x4]
    MemberReference:
      IdRef: 57 (0x39) [0xf3d,0x4]
    MemberReference:
      IdRef: 58 (0x3a) [0xf42,0x4]
    MemberReference:
      IdRef: 59 (0x3b) [0xf47,0x4]
    MemberReference:
      IdRef: 60 (0x3c) [0xf4c,0x4]
    MemberReference:
      IdRef: 61 (0x3d) [0xf51,0x4]
    MemberReference:
      IdRef: 62 (0x3e) [0xf56,0x4]
    MemberReference:
      IdRef: 63 (0x3f) [0xf5b,0x4]
    MemberReference:
      IdRef: 64 (0x4) [0xf60,0x4]
    MemberReference:
      IdRef: 65 (0x41) [0xf65,0x4]
    MemberReference:
      IdRef: 66 (0x42) [0xf6a,0x4]
    MemberReference:
      IdRef: 67 (0x43) [0xf6f,0x4]
    MemberReference:
      IdRef: 68 (0x44) [0xf74,0x4]
    MemberReference:
      IdRef: 69 (0x45) [0xf79,0x4]
    MemberReference:
      IdRef: 70 (0x46) [0xf7e,0x4]
    MemberReference:
      IdRef: 71 (0x47) [0xf83,0x4]
    null
    null
    false (0x0) [0xf89,0x1]
    false (0x0) [0xf8a,0x1]
    false (0x0) [0xf8b,0x1]
  ]
ClassWithMembersAndTypes:
  RecordTypeEnum: 5 (0x05) [0xf8c,0x1]
  ClassInfo:
    ObjectId: 17 (0x11) [0xf8d,0x4]
    Name: "CH4DataVO" [0xf92,0x9]
    MemberCount: 19 (0x13) [0xf9b,0x4]
    MemberNames: [
      "HasPlunger" [0xfa0,0xa]
      "InternecionValues" [0xfab,0x11]
      "InternecionBools" [0xfbd,0x10]
      "AccountingObjective" [0xfce,0x13]
      "BridgeMachineObjective" [0xfe2,0x16]
      "LostOnesObjective" [0xff9,0x11]
      "VentObjective" [0x100b,0xd]
      "MapRoomObjective" [0x1019,0x10]
      "WarehouseObjective" [0x102a,0x12]
      "FairGamesObjective" [0x103d,0x12]
      "ResearchObjective" [0x1050,0x11]
      "RideStorageObjective" [0x1062,0x14]
      "MaintenanceObjective" [0x1077,0x14]
      "HauntedHouseObjective" [0x108c,0x15]
      "PlayerPosition" [0x10a2,0xe]
      "PlayerRotation" [0x10b1,0xe]
      "HasDied" [0x10c0,0x7]
      "IsChapterComplete" [0x10c8,0x11]
      "HasSaveData" [0x10da,0xb]
    ]
  MemberTypeInfo:
    BinaryTypeEnums: [
      Primitive (0x0) [0x10e5,0x1]
      PrimitiveArray (0x07) [0x10e6,0x1]
      PrimitiveArray (0x07) [0x10e7,0x1]
      Class (0x04) [0x10e8,0x1]
      Class (0x04) [0x10e9,0x1]
      Class (0x04) [0x10ea,0x1]
      Class (0x04) [0x10eb,0x1]
      Class (0x04) [0x10ec,0x1]
      Class (0x04) [0x10ed,0x1]
      Class (0x04) [0x10ee,0x1]
      Class (0x04) [0x10ef,0x1]
      Class (0x04) [0x10f0,0x1]
      Class (0x04) [0x10f1,0x1]
      Class (0x04) [0x10f2,0x1]
      Class (0x04) [0x10f3,0x1]
      Class (0x04) [0x10f4,0x1]
      Primitive (0x0) [0x10f5,0x1]
      Primitive (0x0) [0x10f6,0x1]
      Primitive (0x0) [0x10f7,0x1]
    ]
    AdditionalInfos: [
      Boolean (0x01) [0x10f8,0x1]
      Int32 (0x08) [0x10f9,0x1]
      Int32 (0x08) [0x10fa,0x1]
      ClassTypeInfo:
        TypeName: "ObjectiveSaveDataVO" [0x10fc,0x13]
        LibraryId: 2 (0x02) [0x110f,0x4]
      ClassTypeInfo:
        TypeName: "ObjectiveSaveDataVO" [0x1114,0x13]
        LibraryId: 2 (0x02) [0x1127,0x4]
      ClassTypeInfo:
        TypeName: "ObjectiveSaveDataVO" [0x112c,0x13]
        LibraryId: 2 (0x02) [0x113f,0x4]
      ClassTypeInfo:
        TypeName: "ObjectiveSaveDataVO" [0x1144,0x13]
        LibraryId: 2 (0x02) [0x1157,0x4]
      ClassTypeInfo:
        TypeName: "ObjectiveSaveDataVO" [0x115c,0x13]
        LibraryId: 2 (0x02) [0x116f,0x4]
      ClassTypeInfo:
        TypeName: "ObjectiveSaveDataVO" [0x1174,0x13]
        LibraryId: 2 (0x02) [0x1187,0x4]
      ClassTypeInfo:
        TypeName: "ObjectiveSaveDataVO" [0x118c,0x13]
        LibraryId: 2 (0x02) [0x119f,0x4]
      ClassTypeInfo:
        TypeName: "ObjectiveSaveDataVO" [0x11a4,0x13]
        LibraryId: 2 (0x02) [0x11b7,0x4]
      ClassTypeInfo:
        TypeName: "ObjectiveSaveDataVO" [0x11bc,0x13]
        LibraryId: 2 (0x02) [0x11cf,0x4]
      ClassTypeInfo:
        TypeName: "ObjectiveSaveDataVO" [0x11d4,0x13]
        LibraryId: 2 (0x02) [0x11e7,0x4]
      ClassTypeInfo:
        TypeName: "ObjectiveSaveDataVO" [0x11ec,0x13]
        LibraryId: 2 (0x02) [0x11ff,0x4]
      ClassTypeInfo:
        TypeName: "Vector3DataVO" [0x1204,0xd]
        LibraryId: 2 (0x02) [0x1211,0x4]
      ClassTypeInfo:
        TypeName: "Vector3DataVO" [0x1216,0xd]
        LibraryId: 2 (0x02) [0x1223,0x4]
      Boolean (0x01) [0x1227,0x1]
      Boolean (0x01) [0x1228,0x1]
      Boolean (0x01) [0x1229,0x1]
    ]
  LibraryId: 2 (0x02) [0x122a,0x4]
  MemberReferences: [
    false (0x0) [0x122e,0x1]
    MemberReference:
      IdRef: 72 (0x48) [0x1230,0x4]
    MemberReference:
      IdRef: 73 (0x49) [0x1235,0x4]
    MemberReference:
      IdRef: 74 (0x4a) [0x123a,0x4]
    MemberReference:
      IdRef: 75 (0x4b) [0x123f,0x4]
    MemberReference:
      IdRef: 76 (0x4c) [0x1244,0x4]
    MemberReference:
      IdRef: 77 (0x4d) [0x1249,0x4]
    MemberReference:
      IdRef: 78 (0x4e) [0x124e,0x4]
    MemberReference:
      IdRef: 79 (0x4f) [0x1253,0x4]
    MemberReference:
      IdRef: 80 (0x5) [0x1258,0x4]
    MemberReference:
      IdRef: 81 (0x51) [0x125d,0x4]
    MemberReference:
      IdRef: 82 (0x52) [0x1262,0x4]
    MemberReference:
      IdRef: 83 (0x53) [0x1267,0x4]
    MemberReference:
      IdRef: 84 (0x54) [0x126c,0x4]
    null
    null
    false (0x0) [0x1272,0x1]
    false (0x0) [0x1273,0x1]
    false (0x0) [0x1274,0x1]
  ]
ClassWithMembersAndTypes:
  RecordTypeEnum: 5 (0x05) [0x1275,0x1]
  ClassInfo:
    ObjectId: 18 (0x12) [0x1276,0x4]
    Name: "CH5DataVO" [0x127b,0x9]
    MemberCount: 19 (0x13) [0x1284,0x4]
    MemberNames: [
      "InternecionValue" [0x1289,0x10]
      "PipePuzzleBasic" [0x129a,0xf]
      "PipePuzzleCorner" [0x12aa,0x10]
      "PipePuzzleThreeWay" [0x12bb,0x12]
      "SafehouseObjective" [0x12ce,0x12]
      "CavesObjective" [0x12e1,0xe]
      "DockObjective" [0x12f0,0xd]
      "TunnelsObjective" [0x12fe,0x10]
      "LostHarbourObjective" [0x130f,0x14]
      "AdministrationObjective" [0x1324,0x17]
      "VaultObjective" [0x133c,0xe]
      "GiantInkMachineObjective" [0x134b,0x18]
      "ThroneRoomObjective" [0x1364,0x13]
      "BendyArenaObjective" [0x1378,0x13]
      "PlayerPosition" [0x138c,0xe]
      "PlayerRotation" [0x139b,0xe]
      "HasDied" [0x13aa,0x7]
      "IsChapterComplete" [0x13b2,0x11]
      "HasSaveData" [0x13c4,0xb]
    ]
  MemberTypeInfo:
    BinaryTypeEnums: [
      Primitive (0x0) [0x13cf,0x1]
      Class (0x04) [0x13d0,0x1]
      Class (0x04) [0x13d1,0x1]
      Class (0x04) [0x13d2,0x1]
      Class (0x04) [0x13d3,0x1]
      Class (0x04) [0x13d4,0x1]
      Class (0x04) [0x13d5,0x1]
      Class (0x04) [0x13d6,0x1]
      Class (0x04) [0x13d7,0x1]
      Class (0x04) [0x13d8,0x1]
      Class (0x04) [0x13d9,0x1]
      Class (0x04) [0x13da,0x1]
      Class (0x04) [0x13db,0x1]
      Class (0x04) [0x13dc,0x1]
      Class (0x04) [0x13dd,0x1]
      Class (0x04) [0x13de,0x1]
      Primitive (0x0) [0x13df,0x1]
      Primitive (0x0) [0x13e0,0x1]
      Primitive (0x0) [0x13e1,0x1]
    ]
    AdditionalInfos: [
      Int32 (0x08) [0x13e2,0x1]
      ClassTypeInfo:
        TypeName: "ObjectiveSaveDataVO" [0x13e4,0x13]
        LibraryId: 2 (0x02) [0x13f7,0x4]
      ClassTypeInfo:
        TypeName: "ObjectiveSaveDataVO" [0x13fc,0x13]
        LibraryId: 2 (0x02) [0x140f,0x4]
      ClassTypeInfo:
        TypeName: "ObjectiveSaveDataVO" [0x1414,0x13]
        LibraryId: 2 (0x02) [0x1427,0x4]
      ClassTypeInfo:
        TypeName: "ObjectiveSaveDataVO" [0x142c,0x13]
        LibraryId: 2 (0x02) [0x143f,0x4]
      ClassTypeInfo:
        TypeName: "ObjectiveSaveDataVO" [0x1444,0x13]
        LibraryId: 2 (0x02) [0x1457,0x4]
      ClassTypeInfo:
        TypeName: "ObjectiveSaveDataVO" [0x145c,0x13]
        LibraryId: 2 (0x02) [0x146f,0x4]
      ClassTypeInfo:
        TypeName: "ObjectiveSaveDataVO" [0x1474,0x13]
        LibraryId: 2 (0x02) [0x1487,0x4]
      ClassTypeInfo:
        TypeName: "ObjectiveSaveDataVO" [0x148c,0x13]
        LibraryId: 2 (0x02) [0x149f,0x4]
      ClassTypeInfo:
        TypeName: "ObjectiveSaveDataVO" [0x14a4,0x13]
        LibraryId: 2 (0x02) [0x14b7,0x4]
      ClassTypeInfo:
        TypeName: "ObjectiveSaveDataVO" [0x14bc,0x13]
        LibraryId: 2 (0x02) [0x14cf,0x4]
      ClassTypeInfo:
        TypeName: "ObjectiveSaveDataVO" [0x14d4,0x13]
        LibraryId: 2 (0x02) [0x14e7,0x4]
      ClassTypeInfo:
        TypeName: "ObjectiveSaveDataVO" [0x14ec,0x13]
        LibraryId: 2 (0x02) [0x14ff,0x4]
      ClassTypeInfo:
        TypeName: "ObjectiveSaveDataVO" [0x1504,0x13]
        LibraryId: 2 (0x02) [0x1517,0x4]
      ClassTypeInfo:
        TypeName: "Vector3DataVO" [0x151c,0xd]
        LibraryId: 2 (0x02) [0x1529,0x4]
      ClassTypeInfo:
        TypeName: "Vector3DataVO" [0x152e,0xd]
        LibraryId: 2 (0x02) [0x153b,0x4]
      Boolean (0x01) [0x153f,0x1]
      Boolean (0x01) [0x1540,0x1]
      Boolean (0x01) [0x1541,0x1]
    ]
  LibraryId: 2 (0x02) [0x1542,0x4]
  MemberReferences: [
    0 (0x0) [0x1546,0x4]
    MemberReference:
      IdRef: 85 (0x55) [0x154b,0x4]
    MemberReference:
      IdRef: 86 (0x56) [0x1550,0x4]
    MemberReference:
      IdRef: 87 (0x57) [0x1555,0x4]
    MemberReference:
      IdRef: 88 (0x58) [0x155a,0x4]
    MemberReference:
      IdRef: 89 (0x59) [0x155f,0x4]
    MemberReference:
      IdRef: 90 (0x5a) [0x1564,0x4]
    MemberReference:
      IdRef: 91 (0x5b) [0x1569,0x4]
    MemberReference:
      IdRef: 92 (0x5c) [0x156e,0x4]
    MemberReference:
      IdRef: 93 (0x5d) [0x1573,0x4]
    MemberReference:
      IdRef: 94 (0x5e) [0x1578,0x4]
    MemberReference:
      IdRef: 95 (0x5f) [0x157d,0x4]
    MemberReference:
      IdRef: 96 (0x6) [0x1582,0x4]
    MemberReference:
      IdRef: 97 (0x61) [0x1587,0x4]
    null
    null
    false (0x0) [0x158d,0x1]
    false (0x0) [0x158e,0x1]
    false (0x0) [0x158f,0x1]
  ]
SystemClassWithMembersAndTypes:
  RecordTypeEnum: 4 (0x04) [0x1590,0x1]
  ClassInfo:
    ObjectId: 19 (0x13) [0x1591,0x4]
    Name: "System.Collections.Generic.List`1[[System.Int32, mscorlib, Version=2.0.0.0, Culture=neutral, PublicKeyToken=b77a5c561934e089]]" [0x1596,0x7e]
    MemberCount: 3 (0x03) [0x1614,0x4]
    MemberNames: [
      "_items" [0x1619,0x6]
      "_size" [0x1620,0x5]
      "_version" [0x1626,0x8]
    ]
  MemberTypeInfo:
    BinaryTypeEnums: [
      PrimitiveArray (0x07) [0x162e,0x1]
      Primitive (0x0) [0x162f,0x1]
      Primitive (0x0) [0x1630,0x1]
    ]
    AdditionalInfos: [
      Int32 (0x08) [0x1631,0x1]
      Int32 (0x08) [0x1632,0x1]
      Int32 (0x08) [0x1633,0x1]
    ]
  MemberReferences: [
    MemberReference:
      IdRef: 98 (0x62) [0x1635,0x4]
    0 (0x0) [0x1639,0x4]
    0 (0x0) [0x163d,0x4]
  ]
ClassWithId:
  RecordTypeEnum: 1 (0x01) [0x1641,0x1]
  ObjectId: 20 (0x14) [0x1642,0x4]
  MetadataId: 19 (0x13) [0x1646,0x4]
  MemberReferences: [
    MemberReference:
      IdRef: 98 (0x62) [0x164b,0x4]
    0 (0x0) [0x164f,0x4]
    0 (0x0) [0x1653,0x4]
  ]
ClassWithId:
  RecordTypeEnum: 1 (0x01) [0x1657,0x1]
  ObjectId: 21 (0x15) [0x1658,0x4]
  MetadataId: 19 (0x13) [0x165c,0x4]
  MemberReferences: [
    MemberReference:
      IdRef: 98 (0x62) [0x1661,0x4]
    0 (0x0) [0x1665,0x4]
    0 (0x0) [0x1669,0x4]
  ]
ClassWithId:
  RecordTypeEnum: 1 (0x01) [0x166d,0x1]
  ObjectId: 22 (0x16) [0x166e,0x4]
  MetadataId: 19 (0x13) [0x1672,0x4]
  MemberReferences: [
    MemberReference:
      IdRef: 98 (0x62) [0x1677,0x4]
    0 (0x0) [0x167b,0x4]
    0 (0x0) [0x167f,0x4]
  ]
ClassWithId:
  RecordTypeEnum: 1 (0x01) [0x1683,0x1]
  ObjectId: 23 (0x17) [0x1684,0x4]
  MetadataId: 19 (0x13) [0x1688,0x4]
  MemberReferences: [
    MemberReference:
      IdRef: 99 (0x63) [0x168d,0x4]
    3 (0x03) [0x1691,0x4]
    3 (0x03) [0x1695,0x4]
  ]
ClassWithId:
  RecordTypeEnum: 1 (0x01) [0x1699,0x1]
  ObjectId: 24 (0x18) [0x169a,0x4]
  MetadataId: 19 (0x13) [0x169e,0x4]
  MemberReferences: [
    MemberReference:
      IdRef: 98 (0x62) [0x16a3,0x4]
    0 (0x0) [0x16a7,0x4]
    0 (0x0) [0x16ab,0x4]
  ]
ClassWithId:
  RecordTypeEnum: 1 (0x01) [0x16af,0x1]
  ObjectId: 25 (0x19) [0x16b0,0x4]
  MetadataId: 19 (0x13) [0x16b4,0x4]
  MemberReferences: [
    MemberReference:
      IdRef: 98 (0x62) [0x16b9,0x4]
    0 (0x0) [0x16bd,0x4]
    0 (0x0) [0x16c1,0x4]
  ]
ClassWithId:
  RecordTypeEnum: 1 (0x01) [0x16c5,0x1]
  ObjectId: 26 (0x1a) [0x16c6,0x4]
  MetadataId: 19 (0x13) [0x16ca,0x4]
  MemberReferences: [
    MemberReference:
      IdRef: 100 (0x64) [0x16cf,0x4]
    3 (0x03) [0x16d3,0x4]
    3 (0x03) [0x16d7,0x4]
  ]
ClassWithId:
  RecordTypeEnum: 1 (0x01) [0x16db,0x1]
  ObjectId: 27 (0x1b) [0x16dc,0x4]
  MetadataId: 19 (0x13) [0x16e0,0x4]
  MemberReferences: [
    MemberReference:
      IdRef: 98 (0x62) [0x16e5,0x4]
    0 (0x0) [0x16e9,0x4]
    0 (0x0) [0x16ed,0x4]
  ]
ClassWithId:
  RecordTypeEnum: 1 (0x01) [0x16f1,0x1]
  ObjectId: 28 (0x1c) [0x16f2,0x4]
  MetadataId: 19 (0x13) [0x16f6,0x4]
  MemberReferences: [
    MemberReference:
      IdRef: 98 (0x62) [0x16fb,0x4]
    0 (0x0) [0x16ff,0x4]
    0 (0x0) [0x1703,0x4]
  ]
ArraySinglePrimitive:
  RecordTypeEnum: 15 (0x0f) [0x1707,0x1]
  ArrayInfo:
    ObjectId: 29 (0x1d) [0x1708,0x4]
    Length: 5 (0x05) [0x170c,0x4]
  PrimitiveTypeEnum:
    Int32 (0x08) [0x1710,0x1]
  Values: [
    0 (0x0) [0x1711,0x4]
    0 (0x0) [0x1715,0x4]
    0 (0x0) [0x1719,0x4]
    0 (0x0) [0x171d,0x4]
    0 (0x0) [0x1721,0x4]
  ]
ClassWithId:
  RecordTypeEnum: 1 (0x01) [0x1725,0x1]
  ObjectId: 30 (0x1e) [0x1726,0x4]
  MetadataId: 14 (0x0e) [0x172a,0x4]
  MemberReferences: [
    MemberReference:
      IdRef: 101 (0x65) [0x172f,0x4]
    MemberReference:
      IdRef: 102 (0x66) [0x1734,0x4]
    MemberReference:
      IdRef: 103 (0x67) [0x1739,0x4]
    MemberReference:
      IdRef: 104 (0x68) [0x173e,0x4]
    MemberReference:
      IdRef: 105 (0x69) [0x1743,0x4]
    MemberReference:
      IdRef: 106 (0x6a) [0x1748,0x4]
    MemberReference:
      IdRef: 107 (0x6b) [0x174d,0x4]
    MemberReference:
      IdRef: 108 (0x6c) [0x1752,0x4]
    MemberReference:
      IdRef: 109 (0x6d) [0x1757,0x4]
    MemberReference:
      IdRef: 110 (0x6e) [0x175c,0x4]
    MemberReference:
      IdRef: 111 (0x6f) [0x1761,0x4]
    MemberReference:
      IdRef: 112 (0x7) [0x1766,0x4]
    null
    null
    false (0x0) [0x176c,0x1]
    false (0x0) [0x176d,0x1]
    false (0x0) [0x176e,0x1]
  ]
ArraySinglePrimitive:
  RecordTypeEnum: 15 (0x0f) [0x176f,0x1]
  ArrayInfo:
    ObjectId: 31 (0x1f) [0x1770,0x4]
    Length: 5 (0x05) [0x1774,0x4]
  PrimitiveTypeEnum:
    Int32 (0x08) [0x1778,0x1]
  Values: [
    0 (0x0) [0x1779,0x4]
    0 (0x0) [0x177d,0x4]
    0 (0x0) [0x1781,0x4]
    0 (0x0) [0x1785,0x4]
    0 (0x0) [0x1789,0x4]
  ]
ClassWithId:
  RecordTypeEnum: 1 (0x01) [0x178d,0x1]
  ObjectId: 32 (0x2) [0x178e,0x4]
  MetadataId: 14 (0x0e) [0x1792,0x4]
  MemberReferences: [
    MemberReference:
      IdRef: 113 (0x71) [0x1797,0x4]
    MemberReference:
      IdRef: 114 (0x72) [0x179c,0x4]
    MemberReference:
      IdRef: 115 (0x73) [0x17a1,0x4]
    MemberReference:
      IdRef: 116 (0x74) [0x17a6,0x4]
    MemberReference:
      IdRef: 117 (0x75) [0x17ab,0x4]
    MemberReference:
      IdRef: 118 (0x76) [0x17b0,0x4]
    MemberReference:
      IdRef: 119 (0x77) [0x17b5,0x4]
    MemberReference:
      IdRef: 120 (0x78) [0x17ba,0x4]
    MemberReference:
      IdRef: 121 (0x79) [0x17bf,0x4]
    MemberReference:
      IdRef: 122 (0x7a) [0x17c4,0x4]
    MemberReference:
      IdRef: 123 (0x7b) [0x17c9,0x4]
    MemberReference:
      IdRef: 124 (0x7c) [0x17ce,0x4]
    null
    null
    false (0x0) [0x17d4,0x1]
    false (0x0) [0x17d5,0x1]
    false (0x0) [0x17d6,0x1]
  ]
ClassWithMembersAndTypes:
  RecordTypeEnum: 5 (0x05) [0x17d7,0x1]
  ClassInfo:
    ObjectId: 33 (0x21) [0x17d8,0x4]
    Name: "ObjectiveSaveDataVO" [0x17dd,0x13]
    MemberCount: 2 (0x02) [0x17f0,0x4]
    MemberNames: [
      "IsStarted" [0x17f5,0x9]
      "IsComplete" [0x17ff,0xa]
    ]
  MemberTypeInfo:
    BinaryTypeEnums: [
      Primitive (0x0) [0x1809,0x1]
      Primitive (0x0) [0x180a,0x1]
    ]
    AdditionalInfos: [
      Boolean (0x01) [0x180b,0x1]
      Boolean (0x01) [0x180c,0x1]
    ]
  LibraryId: 2 (0x02) [0x180d,0x4]
  MemberReferences: [
    false (0x0) [0x1811,0x1]
    false (0x0) [0x1812,0x1]
  ]
ClassWithId:
  RecordTypeEnum: 1 (0x01) [0x1813,0x1]
  ObjectId: 34 (0x22) [0x1814,0x4]
  MetadataId: 33 (0x21) [0x1818,0x4]
  MemberReferences: [
    false (0x0) [0x181c,0x1]
    false (0x0) [0x181d,0x1]
  ]
ClassWithId:
  RecordTypeEnum: 1 (0x01) [0x181e,0x1]
  ObjectId: 35 (0x23) [0x181f,0x4]
  MetadataId: 33 (0x21) [0x1823,0x4]
  MemberReferences: [
    false (0x0) [0x1827,0x1]
    false (0x0) [0x1828,0x1]
  ]
ClassWithId:
  RecordTypeEnum: 1 (0x01) [0x1829,0x1]
  ObjectId: 36 (0x24) [0x182a,0x4]
  MetadataId: 33 (0x21) [0x182e,0x4]
  MemberReferences: [
    false (0x0) [0x1832,0x1]
    false (0x0) [0x1833,0x1]
  ]
ClassWithId:
  RecordTypeEnum: 1 (0x01) [0x1834,0x1]
  ObjectId: 37 (0x25) [0x1835,0x4]
  MetadataId: 33 (0x21) [0x1839,0x4]
  MemberReferences: [
    false (0x0) [0x183d,0x1]
    false (0x0) [0x183e,0x1]
  ]
ClassWithId:
  RecordTypeEnum: 1 (0x01) [0x183f,0x1]
  ObjectId: 38 (0x26) [0x1840,0x4]
  MetadataId: 33 (0x21) [0x1844,0x4]
  MemberReferences: [
    false (0x0) [0x1848,0x1]
    false (0x0) [0x1849,0x1]
  ]
ClassWithId:
  RecordTypeEnum: 1 (0x01) [0x184a,0x1]
  ObjectId: 39 (0x27) [0x184b,0x4]
  MetadataId: 33 (0x21) [0x184f,0x4]
  MemberReferences: [
    false (0x0) [0x1853,0x1]
    false (0x0) [0x1854,0x1]
  ]
ClassWithId:
  RecordTypeEnum: 1 (0x01) [0x1855,0x1]
  ObjectId: 40 (0x28) [0x1856,0x4]
  MetadataId: 33 (0x21) [0x185a,0x4]
  MemberReferences: [
    false (0x0) [0x185e,0x1]
    false (0x0) [0x185f,0x1]
  ]
ClassWithId:
  RecordTypeEnum: 1 (0x01) [0x1860,0x1]
  ObjectId: 41 (0x29) [0x1861,0x4]
  MetadataId: 33 (0x21) [0x1865,0x4]
  MemberReferences: [
    false (0x0) [0x1869,0x1]
    false (0x0) [0x186a,0x1]
  ]
ClassWithId:
  RecordTypeEnum: 1 (0x01) [0x186b,0x1]
  ObjectId: 42 (0x2a) [0x186c,0x4]
  MetadataId: 33 (0x21) [0x1870,0x4]
  MemberReferences: [
    false (0x0) [0x1874,0x1]
    false (0x0) [0x1875,0x1]
  ]
ClassWithId:
  RecordTypeEnum: 1 (0x01) [0x1876,0x1]
  ObjectId: 43 (0x2b) [0x1877,0x4]
  MetadataId: 33 (0x21) [0x187b,0x4]
  MemberReferences: [
    false (0x0) [0x187f,0x1]
    false (0x0) [0x1880,0x1]
  ]
ClassWithId:
  RecordTypeEnum: 1 (0x01) [0x1881,0x1]
  ObjectId: 44 (0x2c) [0x1882,0x4]
  MetadataId: 33 (0x21) [0x1886,0x4]
  MemberReferences: [
    false (0x0) [0x188a,0x1]
    false (0x0) [0x188b,0x1]
  ]
ClassWithId:
  RecordTypeEnum: 1 (0x01) [0x188c,0x1]
  ObjectId: 45 (0x2d) [0x188d,0x4]
  MetadataId: 33 (0x21) [0x1891,0x4]
  MemberReferences: [
    false (0x0) [0x1895,0x1]
    false (0x0) [0x1896,0x1]
  ]
ClassWithId:
  RecordTypeEnum: 1 (0x01) [0x1897,0x1]
  ObjectId: 46 (0x2e) [0x1898,0x4]
  MetadataId: 33 (0x21) [0x189c,0x4]
  MemberReferences: [
    false (0x0) [0x18a0,0x1]
    false (0x0) [0x18a1,0x1]
  ]
ClassWithId:
  RecordTypeEnum: 1 (0x01) [0x18a2,0x1]
  ObjectId: 47 (0x2f) [0x18a3,0x4]
  MetadataId: 33 (0x21) [0x18a7,0x4]
  MemberReferences: [
    false (0x0) [0x18ab,0x1]
    false (0x0) [0x18ac,0x1]
  ]
ClassWithId:
  RecordTypeEnum: 1 (0x01) [0x18ad,0x1]
  ObjectId: 48 (0x3) [0x18ae,0x4]
  MetadataId: 33 (0x21) [0x18b2,0x4]
  MemberReferences: [
    false (0x0) [0x18b6,0x1]
    false (0x0) [0x18b7,0x1]
  ]
ClassWithId:
  RecordTypeEnum: 1 (0x01) [0x18b8,0x1]
  ObjectId: 49 (0x31) [0x18b9,0x4]
  MetadataId: 33 (0x21) [0x18bd,0x4]
  MemberReferences: [
    false (0x0) [0x18c1,0x1]
    false (0x0) [0x18c2,0x1]
  ]
ClassWithId:
  RecordTypeEnum: 1 (0x01) [0x18c3,0x1]
  ObjectId: 50 (0x32) [0x18c4,0x4]
  MetadataId: 33 (0x21) [0x18c8,0x4]
  MemberReferences: [
    false (0x0) [0x18cc,0x1]
    false (0x0) [0x18cd,0x1]
  ]
ClassWithId:
  RecordTypeEnum: 1 (0x01) [0x18ce,0x1]
  ObjectId: 51 (0x33) [0x18cf,0x4]
  MetadataId: 33 (0x21) [0x18d3,0x4]
  MemberReferences: [
    false (0x0) [0x18d7,0x1]
    false (0x0) [0x18d8,0x1]
  ]
ClassWithId:
  RecordTypeEnum: 1 (0x01) [0x18d9,0x1]
  ObjectId: 52 (0x34) [0x18da,0x4]
  MetadataId: 33 (0x21) [0x18de,0x4]
  MemberReferences: [
    false (0x0) [0x18e2,0x1]
    false (0x0) [0x18e3,0x1]
  ]
ClassWithId:
  RecordTypeEnum: 1 (0x01) [0x18e4,0x1]
  ObjectId: 53 (0x35) [0x18e5,0x4]
  MetadataId: 33 (0x21) [0x18e9,0x4]
  MemberReferences: [
    false (0x0) [0x18ed,0x1]
    false (0x0) [0x18ee,0x1]
  ]
ClassWithId:
  RecordTypeEnum: 1 (0x01) [0x18ef,0x1]
  ObjectId: 54 (0x36) [0x18f0,0x4]
  MetadataId: 19 (0x13) [0x18f4,0x4]
  MemberReferences: [
    MemberReference:
      IdRef: 125 (0x7d) [0x18f9,0x4]
    0 (0x0) [0x18fd,0x4]
    0 (0x0) [0x1901,0x4]
  ]
ClassWithId:
  RecordTypeEnum: 1 (0x01) [0x1905,0x1]
  ObjectId: 55 (0x37) [0x1906,0x4]
  MetadataId: 33 (0x21) [0x190a,0x4]
  MemberReferences: [
    false (0x0) [0x190e,0x1]
    false (0x0) [0x190f,0x1]
  ]
ClassWithId:
  RecordTypeEnum: 1 (0x01) [0x1910,0x1]
  ObjectId: 56 (0x38) [0x1911,0x4]
  MetadataId: 33 (0x21) [0x1915,0x4]
  MemberReferences: [
    false (0x0) [0x1919,0x1]
    false (0x0) [0x191a,0x1]
  ]
ClassWithId:
  RecordTypeEnum: 1 (0x01) [0x191b,0x1]
  ObjectId: 57 (0x39) [0x191c,0x4]
  MetadataId: 33 (0x21) [0x1920,0x4]
  MemberReferences: [
    false (0x0) [0x1924,0x1]
    false (0x0) [0x1925,0x1]
  ]
ClassWithId:
  RecordTypeEnum: 1 (0x01) [0x1926,0x1]
  ObjectId: 58 (0x3a) [0x1927,0x4]
  MetadataId: 33 (0x21) [0x192b,0x4]
  MemberReferences: [
    false (0x0) [0x192f,0x1]
    false (0x0) [0x1930,0x1]
  ]
ClassWithId:
  RecordTypeEnum: 1 (0x01) [0x1931,0x1]
  ObjectId: 59 (0x3b) [0x1932,0x4]
  MetadataId: 33 (0x21) [0x1936,0x4]
  MemberReferences: [
    false (0x0) [0x193a,0x1]
    false (0x0) [0x193b,0x1]
  ]
ClassWithId:
  RecordTypeEnum: 1 (0x01) [0x193c,0x1]
  ObjectId: 60 (0x3c) [0x193d,0x4]
  MetadataId: 33 (0x21) [0x1941,0x4]
  MemberReferences: [
    false (0x0) [0x1945,0x1]
    false (0x0) [0x1946,0x1]
  ]
ClassWithId:
  RecordTypeEnum: 1 (0x01) [0x1947,0x1]
  ObjectId: 61 (0x3d) [0x1948,0x4]
  MetadataId: 33 (0x21) [0x194c,0x4]
  MemberReferences: [
    false (0x0) [0x1950,0x1]
    false (0x0) [0x1951,0x1]
  ]
ClassWithId:
  RecordTypeEnum: 1 (0x01) [0x1952,0x1]
  ObjectId: 62 (0x3e) [0x1953,0x4]
  MetadataId: 33 (0x21) [0x1957,0x4]
  MemberReferences: [
    false (0x0) [0x195b,0x1]
    false (0x0) [0x195c,0x1]
  ]
ClassWithId:
  RecordTypeEnum: 1 (0x01) [0x195d,0x1]
  ObjectId: 63 (0x3f) [0x195e,0x4]
  MetadataId: 33 (0x21) [0x1962,0x4]
  MemberReferences: [
    false (0x0) [0x1966,0x1]
    false (0x0) [0x1967,0x1]
  ]
ClassWithId:
  RecordTypeEnum: 1 (0x01) [0x1968,0x1]
  ObjectId: 64 (0x4) [0x1969,0x4]
  MetadataId: 33 (0x21) [0x196d,0x4]
  MemberReferences: [
    false (0x0) [0x1971,0x1]
    false (0x0) [0x1972,0x1]
  ]
ClassWithId:
  RecordTypeEnum: 1 (0x01) [0x1973,0x1]
  ObjectId: 65 (0x41) [0x1974,0x4]
  MetadataId: 33 (0x21) [0x1978,0x4]
  MemberReferences: [
    false (0x0) [0x197c,0x1]
    false (0x0) [0x197d,0x1]
  ]
ClassWithMembersAndTypes:
  RecordTypeEnum: 5 (0x05) [0x197e,0x1]
  ClassInfo:
    ObjectId: 66 (0x42) [0x197f,0x4]
    Name: "ObjectiveIDDataVO" [0x1984,0x11]
    MemberCount: 2 (0x02) [0x1995,0x4]
    MemberNames: [
      "Object" [0x199a,0x6]
      "Status" [0x19a1,0x6]
    ]
  MemberTypeInfo:
    BinaryTypeEnums: [
      Class (0x04) [0x19a7,0x1]
      Class (0x04) [0x19a8,0x1]
    ]
    AdditionalInfos: [
      ClassTypeInfo:
        TypeName: "ObjectDataVO[]" [0x19aa,0xe]
        LibraryId: 2 (0x02) [0x19b8,0x4]
      ClassTypeInfo:
        TypeName: "ObjectiveSaveDataVO" [0x19bd,0x13]
        LibraryId: 2 (0x02) [0x19d0,0x4]
    ]
  LibraryId: 2 (0x02) [0x19d4,0x4]
  MemberReferences: [
    MemberReference:
      IdRef: 126 (0x7e) [0x19d9,0x4]
    MemberReference:
      IdRef: 127 (0x7f) [0x19de,0x4]
  ]
ClassWithId:
  RecordTypeEnum: 1 (0x01) [0x19e2,0x1]
  ObjectId: 67 (0x43) [0x19e3,0x4]
  MetadataId: 66 (0x42) [0x19e7,0x4]
  MemberReferences: [
    MemberReference:
      IdRef: 128 (0x8) [0x19ec,0x4]
    MemberReference:
      IdRef: 129 (0x81) [0x19f1,0x4]
  ]
ClassWithId:
  RecordTypeEnum: 1 (0x01) [0x19f5,0x1]
  ObjectId: 68 (0x44) [0x19f6,0x4]
  MetadataId: 66 (0x42) [0x19fa,0x4]
  MemberReferences: [
    MemberReference:
      IdRef: 130 (0x82) [0x19ff,0x4]
    MemberReference:
      IdRef: 131 (0x83) [0x1a04,0x4]
  ]
ClassWithId:
  RecordTypeEnum: 1 (0x01) [0x1a08,0x1]
  ObjectId: 69 (0x45) [0x1a09,0x4]
  MetadataId: 66 (0x42) [0x1a0d,0x4]
  MemberReferences: [
    MemberReference:
      IdRef: 132 (0x84) [0x1a12,0x4]
    MemberReference:
      IdRef: 133 (0x85) [0x1a17,0x4]
  ]
ClassWithId:
  RecordTypeEnum: 1 (0x01) [0x1a1b,0x1]
  ObjectId: 70 (0x46) [0x1a1c,0x4]
  MetadataId: 33 (0x21) [0x1a20,0x4]
  MemberReferences: [
    false (0x0) [0x1a24,0x1]
    false (0x0) [0x1a25,0x1]
  ]
ClassWithId:
  RecordTypeEnum: 1 (0x01) [0x1a26,0x1]
  ObjectId: 71 (0x47) [0x1a27,0x4]
  MetadataId: 66 (0x42) [0x1a2b,0x4]
  MemberReferences: [
    MemberReference:
      IdRef: 134 (0x86) [0x1a30,0x4]
    MemberReference:
      IdRef: 135 (0x87) [0x1a35,0x4]
  ]
ArraySinglePrimitive:
  RecordTypeEnum: 15 (0x0f) [0x1a39,0x1]
  ArrayInfo:
    ObjectId: 72 (0x48) [0x1a3a,0x4]
    Length: 6 (0x06) [0x1a3e,0x4]
  PrimitiveTypeEnum:
    Int32 (0x08) [0x1a42,0x1]
  Values: [
    1 (0x01) [0x1a43,0x4]
    2 (0x02) [0x1a47,0x4]
    3 (0x03) [0x1a4b,0x4]
    4 (0x04) [0x1a4f,0x4]
    5 (0x05) [0x1a53,0x4]
    6 (0x06) [0x1a57,0x4]
  ]
ArraySinglePrimitive:
  RecordTypeEnum: 15 (0x0f) [0x1a5b,0x1]
  ArrayInfo:
    ObjectId: 73 (0x49) [0x1a5c,0x4]
    Length: 6 (0x06) [0x1a60,0x4]
  PrimitiveTypeEnum:
    Int32 (0x08) [0x1a64,0x1]
  Values: [
    0 (0x0) [0x1a65,0x4]
    0 (0x0) [0x1a69,0x4]
    0 (0x0) [0x1a6d,0x4]
    0 (0x0) [0x1a71,0x4]
    0 (0x0) [0x1a75,0x4]
    0 (0x0) [0x1a79,0x4]
  ]
ClassWithId:
  RecordTypeEnum: 1 (0x01) [0x1a7d,0x1]
  ObjectId: 74 (0x4a) [0x1a7e,0x4]
  MetadataId: 33 (0x21) [0x1a82,0x4]
  MemberReferences: [
    false (0x0) [0x1a86,0x1]
    false (0x0) [0x1a87,0x1]
  ]
ClassWithId:
  RecordTypeEnum: 1 (0x01) [0x1a88,0x1]
  ObjectId: 75 (0x4b) [0x1a89,0x4]
  MetadataId: 33 (0x21) [0x1a8d,0x4]
  MemberReferences: [
    false (0x0) [0x1a91,0x1]
    false (0x0) [0x1a92,0x1]
  ]
ClassWithId:
  RecordTypeEnum: 1 (0x01) [0x1a93,0x1]
  ObjectId: 76 (0x4c) [0x1a94,0x4]
  MetadataId: 33 (0x21) [0x1a98,0x4]
  MemberReferences: [
    false (0x0) [0x1a9c,0x1]
    false (0x0) [0x1a9d,0x1]
  ]
ClassWithId:
  RecordTypeEnum: 1 (0x01) [0x1a9e,0x1]
  ObjectId: 77 (0x4d) [0x1a9f,0x4]
  MetadataId: 33 (0x21) [0x1aa3,0x4]
  MemberReferences: [
    false (0x0) [0x1aa7,0x1]
    false (0x0) [0x1aa8,0x1]
  ]
ClassWithId:
  RecordTypeEnum: 1 (0x01) [0x1aa9,0x1]
  ObjectId: 78 (0x4e) [0x1aaa,0x4]
  MetadataId: 33 (0x21) [0x1aae,0x4]
  MemberReferences: [
    false (0x0) [0x1ab2,0x1]
    false (0x0) [0x1ab3,0x1]
  ]
ClassWithId:
  RecordTypeEnum: 1 (0x01) [0x1ab4,0x1]
  ObjectId: 79 (0x4f) [0x1ab5,0x4]
  MetadataId: 33 (0x21) [0x1ab9,0x4]
  MemberReferences: [
    false (0x0) [0x1abd,0x1]
    false (0x0) [0x1abe,0x1]
  ]
ClassWithId:
  RecordTypeEnum: 1 (0x01) [0x1abf,0x1]
  ObjectId: 80 (0x5) [0x1ac0,0x4]
  MetadataId: 33 (0x21) [0x1ac4,0x4]
  MemberReferences: [
    false (0x0) [0x1ac8,0x1]
    false (0x0) [0x1ac9,0x1]
  ]
ClassWithId:
  RecordTypeEnum: 1 (0x01) [0x1aca,0x1]
  ObjectId: 81 (0x51) [0x1acb,0x4]
  MetadataId: 33 (0x21) [0x1acf,0x4]
  MemberReferences: [
    false (0x0) [0x1ad3,0x1]
    false (0x0) [0x1ad4,0x1]
  ]
ClassWithId:
  RecordTypeEnum: 1 (0x01) [0x1ad5,0x1]
  ObjectId: 82 (0x52) [0x1ad6,0x4]
  MetadataId: 33 (0x21) [0x1ada,0x4]
  MemberReferences: [
    false (0x0) [0x1ade,0x1]
    false (0x0) [0x1adf,0x1]
  ]
ClassWithId:
  RecordTypeEnum: 1 (0x01) [0x1ae0,0x1]
  ObjectId: 83 (0x53) [0x1ae1,0x4]
  MetadataId: 33 (0x21) [0x1ae5,0x4]
  MemberReferences: [
    false (0x0) [0x1ae9,0x1]
    false (0x0) [0x1aea,0x1]
  ]
ClassWithId:
  RecordTypeEnum: 1 (0x01) [0x1aeb,0x1]
  ObjectId: 84 (0x54) [0x1aec,0x4]
  MetadataId: 33 (0x21) [0x1af0,0x4]
  MemberReferences: [
    false (0x0) [0x1af4,0x1]
    false (0x0) [0x1af5,0x1]
  ]
ClassWithId:
  RecordTypeEnum: 1 (0x01) [0x1af6,0x1]
  ObjectId: 85 (0x55) [0x1af7,0x4]
  MetadataId: 33 (0x21) [0x1afb,0x4]
  MemberReferences: [
    false (0x0) [0x1aff,0x1]
    false (0x0) [0x1b00,0x1]
  ]
ClassWithId:
  RecordTypeEnum: 1 (0x01) [0x1b01,0x1]
  ObjectId: 86 (0x56) [0x1b02,0x4]
  MetadataId: 33 (0x21) [0x1b06,0x4]
  MemberReferences: [
    false (0x0) [0x1b0a,0x1]
    false (0x0) [0x1b0b,0x1]
  ]
ClassWithId:
  RecordTypeEnum: 1 (0x01) [0x1b0c,0x1]
  ObjectId: 87 (0x57) [0x1b0d,0x4]
  MetadataId: 33 (0x21) [0x1b11,0x4]
  MemberReferences: [
    false (0x0) [0x1b15,0x1]
    false (0x0) [0x1b16,0x1]
  ]
ClassWithId:
  RecordTypeEnum: 1 (0x01) [0x1b17,0x1]
  ObjectId: 88 (0x58) [0x1b18,0x4]
  MetadataId: 33 (0x21) [0x1b1c,0x4]
  MemberReferences: [
    false (0x0) [0x1b20,0x1]
    false (0x0) [0x1b21,0x1]
  ]
ClassWithId:
  RecordTypeEnum: 1 (0x01) [0x1b22,0x1]
  ObjectId: 89 (0x59) [0x1b23,0x4]
  MetadataId: 33 (0x21) [0x1b27,0x4]
  MemberReferences: [
    false (0x0) [0x1b2b,0x1]
    false (0x0) [0x1b2c,0x1]
  ]
ClassWithId:
  RecordTypeEnum: 1 (0x01) [0x1b2d,0x1]
  ObjectId: 90 (0x5a) [0x1b2e,0x4]
  MetadataId: 33 (0x21) [0x1b32,0x4]
  MemberReferences: [
    false (0x0) [0x1b36,0x1]
    false (0x0) [0x1b37,0x1]
  ]
ClassWithId:
  RecordTypeEnum: 1 (0x01) [0x1b38,0x1]
  ObjectId: 91 (0x5b) [0x1b39,0x4]
  MetadataId: 33 (0x21) [0x1b3d,0x4]
  MemberReferences: [
    false (0x0) [0x1b41,0x1]
    false (0x0) [0x1b42,0x1]
  ]
ClassWithId:
  RecordTypeEnum: 1 (0x01) [0x1b43,0x1]
  ObjectId: 92 (0x5c) [0x1b44,0x4]
  MetadataId: 33 (0x21) [0x1b48,0x4]
  MemberReferences: [
    false (0x0) [0x1b4c,0x1]
    false (0x0) [0x1b4d,0x1]
  ]
ClassWithId:
  RecordTypeEnum: 1 (0x01) [0x1b4e,0x1]
  ObjectId: 93 (0x5d) [0x1b4f,0x4]
  MetadataId: 33 (0x21) [0x1b53,0x4]
  MemberReferences: [
    false (0x0) [0x1b57,0x1]
    false (0x0) [0x1b58,0x1]
  ]
ClassWithId:
  RecordTypeEnum: 1 (0x01) [0x1b59,0x1]
  ObjectId: 94 (0x5e) [0x1b5a,0x4]
  MetadataId: 33 (0x21) [0x1b5e,0x4]
  MemberReferences: [
    false (0x0) [0x1b62,0x1]
    false (0x0) [0x1b63,0x1]
  ]
ClassWithId:
  RecordTypeEnum: 1 (0x01) [0x1b64,0x1]
  ObjectId: 95 (0x5f) [0x1b65,0x4]
  MetadataId: 33 (0x21) [0x1b69,0x4]
  MemberReferences: [
    false (0x0) [0x1b6d,0x1]
    false (0x0) [0x1b6e,0x1]
  ]
ClassWithId:
  RecordTypeEnum: 1 (0x01) [0x1b6f,0x1]
  ObjectId: 96 (0x6) [0x1b70,0x4]
  MetadataId: 33 (0x21) [0x1b74,0x4]
  MemberReferences: [
    false (0x0) [0x1b78,0x1]
    false (0x0) [0x1b79,0x1]
  ]
ClassWithId:
  RecordTypeEnum: 1 (0x01) [0x1b7a,0x1]
  ObjectId: 97 (0x61) [0x1b7b,0x4]
  MetadataId: 33 (0x21) [0x1b7f,0x4]
  MemberReferences: [
    false (0x0) [0x1b83,0x1]
    false (0x0) [0x1b84,0x1]
  ]
ArraySinglePrimitive:
  RecordTypeEnum: 15 (0x0f) [0x1b85,0x1]
  ArrayInfo:
    ObjectId: 98 (0x62) [0x1b86,0x4]
    Length: 0 (0x0) [0x1b8a,0x4]
  PrimitiveTypeEnum:
    Int32 (0x08) [0x1b8e,0x1]
  Values: [
  ]
ArraySinglePrimitive:
  RecordTypeEnum: 15 (0x0f) [0x1b8f,0x1]
  ArrayInfo:
    ObjectId: 99 (0x63) [0x1b90,0x4]
    Length: 4 (0x04) [0x1b94,0x4]
  PrimitiveTypeEnum:
    Int32 (0x08) [0x1b98,0x1]
  Values: [
    0 (0x0) [0x1b99,0x4]
    5 (0x05) [0x1b9d,0x4]
    2 (0x02) [0x1ba1,0x4]
    0 (0x0) [0x1ba5,0x4]
  ]
ArraySinglePrimitive:
  RecordTypeEnum: 15 (0x0f) [0x1ba9,0x1]
  ArrayInfo:
    ObjectId: 100 (0x64) [0x1baa,0x4]
    Length: 4 (0x04) [0x1bae,0x4]
  PrimitiveTypeEnum:
    Int32 (0x08) [0x1bb2,0x1]
  Values: [
    6 (0x06) [0x1bb3,0x4]
    15 (0x0f) [0x1bb7,0x4]
    17 (0x11) [0x1bbb,0x4]
    0 (0x0) [0x1bbf,0x4]
  ]
ClassWithId:
  RecordTypeEnum: 1 (0x01) [0x1bc3,0x1]
  ObjectId: 101 (0x65) [0x1bc4,0x4]
  MetadataId: 33 (0x21) [0x1bc8,0x4]
  MemberReferences: [
    false (0x0) [0x1bcc,0x1]
    false (0x0) [0x1bcd,0x1]
  ]
ClassWithId:
  RecordTypeEnum: 1 (0x01) [0x1bce,0x1]
  ObjectId: 102 (0x66) [0x1bcf,0x4]
  MetadataId: 33 (0x21) [0x1bd3,0x4]
  MemberReferences: [
    false (0x0) [0x1bd7,0x1]
    false (0x0) [0x1bd8,0x1]
  ]
ClassWithId:
  RecordTypeEnum: 1 (0x01) [0x1bd9,0x1]
  ObjectId: 103 (0x67) [0x1bda,0x4]
  MetadataId: 33 (0x21) [0x1bde,0x4]
  MemberReferences: [
    false (0x0) [0x1be2,0x1]
    false (0x0) [0x1be3,0x1]
  ]
ClassWithId:
  RecordTypeEnum: 1 (0x01) [0x1be4,0x1]
  ObjectId: 104 (0x68) [0x1be5,0x4]
  MetadataId: 33 (0x21) [0x1be9,0x4]
  MemberReferences: [
    false (0x0) [0x1bed,0x1]
    false (0x0) [0x1bee,0x1]
  ]
ClassWithId:
  RecordTypeEnum: 1 (0x01) [0x1bef,0x1]
  ObjectId: 105 (0x69) [0x1bf0,0x4]
  MetadataId: 33 (0x21) [0x1bf4,0x4]
  MemberReferences: [
    false (0x0) [0x1bf8,0x1]
    false (0x0) [0x1bf9,0x1]
  ]
ClassWithId:
  RecordTypeEnum: 1 (0x01) [0x1bfa,0x1]
  ObjectId: 106 (0x6a) [0x1bfb,0x4]
  MetadataId: 33 (0x21) [0x1bff,0x4]
  MemberReferences: [
    false (0x0) [0x1c03,0x1]
    false (0x0) [0x1c04,0x1]
  ]
ClassWithId:
  RecordTypeEnum: 1 (0x01) [0x1c05,0x1]
  ObjectId: 107 (0x6b) [0x1c06,0x4]
  MetadataId: 33 (0x21) [0x1c0a,0x4]
  MemberReferences: [
    false (0x0) [0x1c0e,0x1]
    false (0x0) [0x1c0f,0x1]
  ]
ClassWithId:
  RecordTypeEnum: 1 (0x01) [0x1c10,0x1]
  ObjectId: 108 (0x6c) [0x1c11,0x4]
  MetadataId: 33 (0x21) [0x1c15,0x4]
  MemberReferences: [
    false (0x0) [0x1c19,0x1]
    false (0x0) [0x1c1a,0x1]
  ]
ClassWithId:
  RecordTypeEnum: 1 (0x01) [0x1c1b,0x1]
  ObjectId: 109 (0x6d) [0x1c1c,0x4]
  MetadataId: 33 (0x21) [0x1c20,0x4]
  MemberReferences: [
    false (0x0) [0x1c24,0x1]
    false (0x0) [0x1c25,0x1]
  ]
ClassWithId:
  RecordTypeEnum: 1 (0x01) [0x1c26,0x1]
  ObjectId: 110 (0x6e) [0x1c27,0x4]
  MetadataId: 33 (0x21) [0x1c2b,0x4]
  MemberReferences: [
    false (0x0) [0x1c2f,0x1]
    false (0x0) [0x1c30,0x1]
  ]
ClassWithId:
  RecordTypeEnum: 1 (0x01) [0x1c31,0x1]
  ObjectId: 111 (0x6f) [0x1c32,0x4]
  MetadataId: 33 (0x21) [0x1c36,0x4]
  MemberReferences: [
    false (0x0) [0x1c3a,0x1]
    false (0x0) [0x1c3b,0x1]
  ]
ClassWithId:
  RecordTypeEnum: 1 (0x01) [0x1c3c,0x1]
  ObjectId: 112 (0x7) [0x1c3d,0x4]
  MetadataId: 33 (0x21) [0x1c41,0x4]
  MemberReferences: [
    false (0x0) [0x1c45,0x1]
    false (0x0) [0x1c46,0x1]
  ]
ClassWithId:
  RecordTypeEnum: 1 (0x01) [0x1c47,0x1]
  ObjectId: 113 (0x71) [0x1c48,0x4]
  MetadataId: 33 (0x21) [0x1c4c,0x4]
  MemberReferences: [
    false (0x0) [0x1c50,0x1]
    false (0x0) [0x1c51,0x1]
  ]
ClassWithId:
  RecordTypeEnum: 1 (0x01) [0x1c52,0x1]
  ObjectId: 114 (0x72) [0x1c53,0x4]
  MetadataId: 33 (0x21) [0x1c57,0x4]
  MemberReferences: [
    false (0x0) [0x1c5b,0x1]
    false (0x0) [0x1c5c,0x1]
  ]
ClassWithId:
  RecordTypeEnum: 1 (0x01) [0x1c5d,0x1]
  ObjectId: 115 (0x73) [0x1c5e,0x4]
  MetadataId: 33 (0x21) [0x1c62,0x4]
  MemberReferences: [
    false (0x0) [0x1c66,0x1]
    false (0x0) [0x1c67,0x1]
  ]
ClassWithId:
  RecordTypeEnum: 1 (0x01) [0x1c68,0x1]
  ObjectId: 116 (0x74) [0x1c69,0x4]
  MetadataId: 33 (0x21) [0x1c6d,0x4]
  MemberReferences: [
    false (0x0) [0x1c71,0x1]
    false (0x0) [0x1c72,0x1]
  ]
ClassWithId:
  RecordTypeEnum: 1 (0x01) [0x1c73,0x1]
  ObjectId: 117 (0x75) [0x1c74,0x4]
  MetadataId: 33 (0x21) [0x1c78,0x4]
  MemberReferences: [
    false (0x0) [0x1c7c,0x1]
    false (0x0) [0x1c7d,0x1]
  ]
ClassWithId:
  RecordTypeEnum: 1 (0x01) [0x1c7e,0x1]
  ObjectId: 118 (0x76) [0x1c7f,0x4]
  MetadataId: 33 (0x21) [0x1c83,0x4]
  MemberReferences: [
    false (0x0) [0x1c87,0x1]
    false (0x0) [0x1c88,0x1]
  ]
ClassWithId:
  RecordTypeEnum: 1 (0x01) [0x1c89,0x1]
  ObjectId: 119 (0x77) [0x1c8a,0x4]
  MetadataId: 33 (0x21) [0x1c8e,0x4]
  MemberReferences: [
    false (0x0) [0x1c92,0x1]
    false (0x0) [0x1c93,0x1]
  ]
ClassWithId:
  RecordTypeEnum: 1 (0x01) [0x1c94,0x1]
  ObjectId: 120 (0x78) [0x1c95,0x4]
  MetadataId: 33 (0x21) [0x1c99,0x4]
  MemberReferences: [
    false (0x0) [0x1c9d,0x1]
    false (0x0) [0x1c9e,0x1]
  ]
ClassWithId:
  RecordTypeEnum: 1 (0x01) [0x1c9f,0x1]
  ObjectId: 121 (0x79) [0x1ca0,0x4]
  MetadataId: 33 (0x21) [0x1ca4,0x4]
  MemberReferences: [
    false (0x0) [0x1ca8,0x1]
    false (0x0) [0x1ca9,0x1]
  ]
ClassWithId:
  RecordTypeEnum: 1 (0x01) [0x1caa,0x1]
  ObjectId: 122 (0x7a) [0x1cab,0x4]
  MetadataId: 33 (0x21) [0x1caf,0x4]
  MemberReferences: [
    false (0x0) [0x1cb3,0x1]
    false (0x0) [0x1cb4,0x1]
  ]
ClassWithId:
  RecordTypeEnum: 1 (0x01) [0x1cb5,0x1]
  ObjectId: 123 (0x7b) [0x1cb6,0x4]
  MetadataId: 33 (0x21) [0x1cba,0x4]
  MemberReferences: [
    false (0x0) [0x1cbe,0x1]
    false (0x0) [0x1cbf,0x1]
  ]
ClassWithId:
  RecordTypeEnum: 1 (0x01) [0x1cc0,0x1]
  ObjectId: 124 (0x7c) [0x1cc1,0x4]
  MetadataId: 33 (0x21) [0x1cc5,0x4]
  MemberReferences: [
    false (0x0) [0x1cc9,0x1]
    false (0x0) [0x1cca,0x1]
  ]
ArraySinglePrimitive:
  RecordTypeEnum: 15 (0x0f) [0x1ccb,0x1]
  ArrayInfo:
    ObjectId: 125 (0x7d) [0x1ccc,0x4]
    Length: 0 (0x0) [0x1cd0,0x4]
  PrimitiveTypeEnum:
    Int32 (0x08) [0x1cd4,0x1]
  Values: [
  ]
BinaryArray:
  ObjectId: 126 (0x7e) [0x1cd6,0x4]
  BinaryArrayTypeEnum:
    Single (0x0) [0x1cda,0x1]
  Rank: 1 (0x01) [0x1cdb,0x4]
  Lengths: [
    3 (0x03) [0x1cdf,0x4]
  ]
  TypeEnum:
    Class (0x04) [0x1ce3,0x1]
  AdditionalTypeInfo:
    ClassTypeInfo:
      TypeName: "ObjectDataVO" [0x1ce5,0xc]
      LibraryId: 2 (0x02) [0x1cf1,0x4]
  MemberReferences: [
    MemberReference:
      IdRef: 136 (0x88) [0x1cf6,0x4]
    MemberReference:
      IdRef: 137 (0x89) [0x1cfb,0x4]
    MemberReference:
      IdRef: 138 (0x8a) [0x1d00,0x4]
  ]
ClassWithId:
  RecordTypeEnum: 1 (0x01) [0x1d04,0x1]
  ObjectId: 127 (0x7f) [0x1d05,0x4]
  MetadataId: 33 (0x21) [0x1d09,0x4]
  MemberReferences: [
    false (0x0) [0x1d0d,0x1]
    false (0x0) [0x1d0e,0x1]
  ]
BinaryArray:
  ObjectId: 128 (0x8) [0x1d10,0x4]
  BinaryArrayTypeEnum:
    Single (0x0) [0x1d14,0x1]
  Rank: 1 (0x01) [0x1d15,0x4]
  Lengths: [
    3 (0x03) [0x1d19,0x4]
  ]
  TypeEnum:
    Class (0x04) [0x1d1d,0x1]
  AdditionalTypeInfo:
    ClassTypeInfo:
      TypeName: "ObjectDataVO" [0x1d1f,0xc]
      LibraryId: 2 (0x02) [0x1d2b,0x4]
  MemberReferences: [
    MemberReference:
      IdRef: 139 (0x8b) [0x1d30,0x4]
    MemberReference:
      IdRef: 140 (0x8c) [0x1d35,0x4]
    MemberReference:
      IdRef: 141 (0x8d) [0x1d3a,0x4]
  ]
ClassWithId:
  RecordTypeEnum: 1 (0x01) [0x1d3e,0x1]
  ObjectId: 129 (0x81) [0x1d3f,0x4]
  MetadataId: 33 (0x21) [0x1d43,0x4]
  MemberReferences: [
    false (0x0) [0x1d47,0x1]
    false (0x0) [0x1d48,0x1]
  ]
BinaryArray:
  ObjectId: 130 (0x82) [0x1d4a,0x4]
  BinaryArrayTypeEnum:
    Single (0x0) [0x1d4e,0x1]
  Rank: 1 (0x01) [0x1d4f,0x4]
  Lengths: [
    3 (0x03) [0x1d53,0x4]
  ]
  TypeEnum:
    Class (0x04) [0x1d57,0x1]
  AdditionalTypeInfo:
    ClassTypeInfo:
      TypeName: "ObjectDataVO" [0x1d59,0xc]
      LibraryId: 2 (0x02) [0x1d65,0x4]
  MemberReferences: [
    MemberReference:
      IdRef: 142 (0x8e) [0x1d6a,0x4]
    MemberReference:
      IdRef: 143 (0x8f) [0x1d6f,0x4]
    MemberReference:
      IdRef: 144 (0x9) [0x1d74,0x4]
  ]
ClassWithId:
  RecordTypeEnum: 1 (0x01) [0x1d78,0x1]
  ObjectId: 131 (0x83) [0x1d79,0x4]
  MetadataId: 33 (0x21) [0x1d7d,0x4]
  MemberReferences: [
    false (0x0) [0x1d81,0x1]
    false (0x0) [0x1d82,0x1]
  ]
BinaryArray:
  ObjectId: 132 (0x84) [0x1d84,0x4]
  BinaryArrayTypeEnum:
    Single (0x0) [0x1d88,0x1]
  Rank: 1 (0x01) [0x1d89,0x4]
  Lengths: [
    16 (0x1) [0x1d8d,0x4]
  ]
  TypeEnum:
    Class (0x04) [0x1d91,0x1]
  AdditionalTypeInfo:
    ClassTypeInfo:
      TypeName: "ObjectDataVO" [0x1d93,0xc]
      LibraryId: 2 (0x02) [0x1d9f,0x4]
  MemberReferences: [
    MemberReference:
      IdRef: 145 (0x91) [0x1da4,0x4]
    MemberReference:
      IdRef: 146 (0x92) [0x1da9,0x4]
    MemberReference:
      IdRef: 147 (0x93) [0x1dae,0x4]
    MemberReference:
      IdRef: 148 (0x94) [0x1db3,0x4]
    MemberReference:
      IdRef: 149 (0x95) [0x1db8,0x4]
    MemberReference:
      IdRef: 150 (0x96) [0x1dbd,0x4]
    MemberReference:
      IdRef: 151 (0x97) [0x1dc2,0x4]
    MemberReference:
      IdRef: 152 (0x98) [0x1dc7,0x4]
    MemberReference:
      IdRef: 153 (0x99) [0x1dcc,0x4]
    MemberReference:
      IdRef: 154 (0x9a) [0x1dd1,0x4]
    MemberReference:
      IdRef: 155 (0x9b) [0x1dd6,0x4]
    MemberReference:
      IdRef: 156 (0x9c) [0x1ddb,0x4]
    MemberReference:
      IdRef: 157 (0x9d) [0x1de0,0x4]
    MemberReference:
      IdRef: 158 (0x9e) [0x1de5,0x4]
    MemberReference:
      IdRef: 159 (0x9f) [0x1dea,0x4]
    MemberReference:
      IdRef: 160 (0xa) [0x1def,0x4]
  ]
ClassWithId:
  RecordTypeEnum: 1 (0x01) [0x1df3,0x1]
  ObjectId: 133 (0x85) [0x1df4,0x4]
  MetadataId: 33 (0x21) [0x1df8,0x4]
  MemberReferences: [
    false (0x0) [0x1dfc,0x1]
    false (0x0) [0x1dfd,0x1]
  ]
BinaryArray:
  ObjectId: 134 (0x86) [0x1dff,0x4]
  BinaryArrayTypeEnum:
    Single (0x0) [0x1e03,0x1]
  Rank: 1 (0x01) [0x1e04,0x4]
  Lengths: [
    5 (0x05) [0x1e08,0x4]
  ]
  TypeEnum:
    Class (0x04) [0x1e0c,0x1]
  AdditionalTypeInfo:
    ClassTypeInfo:
      TypeName: "ObjectDataVO" [0x1e0e,0xc]
      LibraryId: 2 (0x02) [0x1e1a,0x4]
  MemberReferences: [
    MemberReference:
      IdRef: 161 (0xa1) [0x1e1f,0x4]
    MemberReference:
      IdRef: 162 (0xa2) [0x1e24,0x4]
    MemberReference:
      IdRef: 163 (0xa3) [0x1e29,0x4]
    MemberReference:
      IdRef: 164 (0xa4) [0x1e2e,0x4]
    MemberReference:
      IdRef: 165 (0xa5) [0x1e33,0x4]
  ]
ClassWithId:
  RecordTypeEnum: 1 (0x01) [0x1e37,0x1]
  ObjectId: 135 (0x87) [0x1e38,0x4]
  MetadataId: 33 (0x21) [0x1e3c,0x4]
  MemberReferences: [
    false (0x0) [0x1e40,0x1]
    false (0x0) [0x1e41,0x1]
  ]
ClassWithMembersAndTypes:
  RecordTypeEnum: 5 (0x05) [0x1e42,0x1]
  ClassInfo:
    ObjectId: 136 (0x88) [0x1e43,0x4]
    Name: "ObjectDataVO" [0x1e48,0xc]
    MemberCount: 2 (0x02) [0x1e54,0x4]
    MemberNames: [
      "ID" [0x1e59,0x2]
      "IsComplete" [0x1e5c,0xa]
    ]
  MemberTypeInfo:
    BinaryTypeEnums: [
      Primitive (0x0) [0x1e66,0x1]
      Primitive (0x0) [0x1e67,0x1]
    ]
    AdditionalInfos: [
      Int32 (0x08) [0x1e68,0x1]
      Boolean (0x01) [0x1e69,0x1]
    ]
  LibraryId: 2 (0x02) [0x1e6a,0x4]
  MemberReferences: [
    0 (0x0) [0x1e6e,0x4]
    false (0x0) [0x1e72,0x1]
  ]
ClassWithId:
  RecordTypeEnum: 1 (0x01) [0x1e73,0x1]
  ObjectId: 137 (0x89) [0x1e74,0x4]
  MetadataId: 136 (0x88) [0x1e78,0x4]
  MemberReferences: [
    1 (0x01) [0x1e7c,0x4]
    false (0x0) [0x1e80,0x1]
  ]
ClassWithId:
  RecordTypeEnum: 1 (0x01) [0x1e81,0x1]
  ObjectId: 138 (0x8a) [0x1e82,0x4]
  MetadataId: 136 (0x88) [0x1e86,0x4]
  MemberReferences: [
    2 (0x02) [0x1e8a,0x4]
    false (0x0) [0x1e8e,0x1]
  ]
ClassWithId:
  RecordTypeEnum: 1 (0x01) [0x1e8f,0x1]
  ObjectId: 139 (0x8b) [0x1e90,0x4]
  MetadataId: 136 (0x88) [0x1e94,0x4]
  MemberReferences: [
    0 (0x0) [0x1e98,0x4]
    false (0x0) [0x1e9c,0x1]
  ]
ClassWithId:
  RecordTypeEnum: 1 (0x01) [0x1e9d,0x1]
  ObjectId: 140 (0x8c) [0x1e9e,0x4]
  MetadataId: 136 (0x88) [0x1ea2,0x4]
  MemberReferences: [
    1 (0x01) [0x1ea6,0x4]
    false (0x0) [0x1eaa,0x1]
  ]
ClassWithId:
  RecordTypeEnum: 1 (0x01) [0x1eab,0x1]
  ObjectId: 141 (0x8d) [0x1eac,0x4]
  MetadataId: 136 (0x88) [0x1eb0,0x4]
  MemberReferences: [
    2 (0x02) [0x1eb4,0x4]
    false (0x0) [0x1eb8,0x1]
  ]
ClassWithId:
  RecordTypeEnum: 1 (0x01) [0x1eb9,0x1]
  ObjectId: 142 (0x8e) [0x1eba,0x4]
  MetadataId: 136 (0x88) [0x1ebe,0x4]
  MemberReferences: [
    0 (0x0) [0x1ec2,0x4]
    false (0x0) [0x1ec6,0x1]
  ]
ClassWithId:
  RecordTypeEnum: 1 (0x01) [0x1ec7,0x1]
  ObjectId: 143 (0x8f) [0x1ec8,0x4]
  MetadataId: 136 (0x88) [0x1ecc,0x4]
  MemberReferences: [
    1 (0x01) [0x1ed0,0x4]
    false (0x0) [0x1ed4,0x1]
  ]
ClassWithId:
  RecordTypeEnum: 1 (0x01) [0x1ed5,0x1]
  ObjectId: 144 (0x9) [0x1ed6,0x4]
  MetadataId: 136 (0x88) [0x1eda,0x4]
  MemberReferences: [
    2 (0x02) [0x1ede,0x4]
    false (0x0) [0x1ee2,0x1]
  ]
ClassWithId:
  RecordTypeEnum: 1 (0x01) [0x1ee3,0x1]
  ObjectId: 145 (0x91) [0x1ee4,0x4]
  MetadataId: 136 (0x88) [0x1ee8,0x4]
  MemberReferences: [
    0 (0x0) [0x1eec,0x4]
    false (0x0) [0x1ef0,0x1]
  ]
ClassWithId:
  RecordTypeEnum: 1 (0x01) [0x1ef1,0x1]
  ObjectId: 146 (0x92) [0x1ef2,0x4]
  MetadataId: 136 (0x88) [0x1ef6,0x4]
  MemberReferences: [
    1 (0x01) [0x1efa,0x4]
    false (0x0) [0x1efe,0x1]
  ]
ClassWithId:
  RecordTypeEnum: 1 (0x01) [0x1eff,0x1]
  ObjectId: 147 (0x93) [0x1f00,0x4]
  MetadataId: 136 (0x88) [0x1f04,0x4]
  MemberReferences: [
    2 (0x02) [0x1f08,0x4]
    false (0x0) [0x1f0c,0x1]
  ]
ClassWithId:
  RecordTypeEnum: 1 (0x01) [0x1f0d,0x1]
  ObjectId: 148 (0x94) [0x1f0e,0x4]
  MetadataId: 136 (0x88) [0x1f12,0x4]
  MemberReferences: [
    3 (0x03) [0x1f16,0x4]
    false (0x0) [0x1f1a,0x1]
  ]
ClassWithId:
  RecordTypeEnum: 1 (0x01) [0x1f1b,0x1]
  ObjectId: 149 (0x95) [0x1f1c,0x4]
  MetadataId: 136 (0x88) [0x1f20,0x4]
  MemberReferences: [
    4 (0x04) [0x1f24,0x4]
    false (0x0) [0x1f28,0x1]
  ]
ClassWithId:
  RecordTypeEnum: 1 (0x01) [0x1f29,0x1]
  ObjectId: 150 (0x96) [0x1f2a,0x4]
  MetadataId: 136 (0x88) [0x1f2e,0x4]
  MemberReferences: [
    5 (0x05) [0x1f32,0x4]
    false (0x0) [0x1f36,0x1]
  ]
ClassWithId:
  RecordTypeEnum: 1 (0x01) [0x1f37,0x1]
  ObjectId: 151 (0x97) [0x1f38,0x4]
  MetadataId: 136 (0x88) [0x1f3c,0x4]
  MemberReferences: [
    6 (0x06) [0x1f40,0x4]
    false (0x0) [0x1f44,0x1]
  ]
ClassWithId:
  RecordTypeEnum: 1 (0x01) [0x1f45,0x1]
  ObjectId: 152 (0x98) [0x1f46,0x4]
  MetadataId: 136 (0x88) [0x1f4a,0x4]
  MemberReferences: [
    7 (0x07) [0x1f4e,0x4]
    false (0x0) [0x1f52,0x1]
  ]
ClassWithId:
  RecordTypeEnum: 1 (0x01) [0x1f53,0x1]
  ObjectId: 153 (0x99) [0x1f54,0x4]
  MetadataId: 136 (0x88) [0x1f58,0x4]
  MemberReferences: [
    8 (0x08) [0x1f5c,0x4]
    false (0x0) [0x1f60,0x1]
  ]
ClassWithId:
  RecordTypeEnum: 1 (0x01) [0x1f61,0x1]
  ObjectId: 154 (0x9a) [0x1f62,0x4]
  MetadataId: 136 (0x88) [0x1f66,0x4]
  MemberReferences: [
    9 (0x09) [0x1f6a,0x4]
    false (0x0) [0x1f6e,0x1]
  ]
ClassWithId:
  RecordTypeEnum: 1 (0x01) [0x1f6f,0x1]
  ObjectId: 155 (0x9b) [0x1f70,0x4]
  MetadataId: 136 (0x88) [0x1f74,0x4]
  MemberReferences: [
    10 (0x0a) [0x1f78,0x4]
    false (0x0) [0x1f7c,0x1]
  ]
ClassWithId:
  RecordTypeEnum: 1 (0x01) [0x1f7d,0x1]
  ObjectId: 156 (0x9c) [0x1f7e,0x4]
  MetadataId: 136 (0x88) [0x1f82,0x4]
  MemberReferences: [
    11 (0x0b) [0x1f86,0x4]
    false (0x0) [0x1f8a,0x1]
  ]
ClassWithId:
  RecordTypeEnum: 1 (0x01) [0x1f8b,0x1]
  ObjectId: 157 (0x9d) [0x1f8c,0x4]
  MetadataId: 136 (0x88) [0x1f90,0x4]
  MemberReferences: [
    12 (0x0c) [0x1f94,0x4]
    false (0x0) [0x1f98,0x1]
  ]
ClassWithId:
  RecordTypeEnum: 1 (0x01) [0x1f99,0x1]
  ObjectId: 158 (0x9e) [0x1f9a,0x4]
  MetadataId: 136 (0x88) [0x1f9e,0x4]
  MemberReferences: [
    13 (0x0d) [0x1fa2,0x4]
    false (0x0) [0x1fa6,0x1]
  ]
ClassWithId:
  RecordTypeEnum: 1 (0x01) [0x1fa7,0x1]
  ObjectId: 159 (0x9f) [0x1fa8,0x4]
  MetadataId: 136 (0x88) [0x1fac,0x4]
  MemberReferences: [
    14 (0x0e) [0x1fb0,0x4]
    false (0x0) [0x1fb4,0x1]
  ]
ClassWithId:
  RecordTypeEnum: 1 (0x01) [0x1fb5,0x1]
  ObjectId: 160 (0xa) [0x1fb6,0x4]
  MetadataId: 136 (0x88) [0x1fba,0x4]
  MemberReferences: [
    15 (0x0f) [0x1fbe,0x4]
    false (0x0) [0x1fc2,0x1]
  ]
ClassWithId:
  RecordTypeEnum: 1 (0x01) [0x1fc3,0x1]
  ObjectId: 161 (0xa1) [0x1fc4,0x4]
  MetadataId: 136 (0x88) [0x1fc8,0x4]
  MemberReferences: [
    0 (0x0) [0x1fcc,0x4]
    false (0x0) [0x1fd0,0x1]
  ]
ClassWithId:
  RecordTypeEnum: 1 (0x01) [0x1fd1,0x1]
  ObjectId: 162 (0xa2) [0x1fd2,0x4]
  MetadataId: 136 (0x88) [0x1fd6,0x4]
  MemberReferences: [
    1 (0x01) [0x1fda,0x4]
    false (0x0) [0x1fde,0x1]
  ]
ClassWithId:
  RecordTypeEnum: 1 (0x01) [0x1fdf,0x1]
  ObjectId: 163 (0xa3) [0x1fe0,0x4]
  MetadataId: 136 (0x88) [0x1fe4,0x4]
  MemberReferences: [
    2 (0x02) [0x1fe8,0x4]
    false (0x0) [0x1fec,0x1]
  ]
ClassWithId:
  RecordTypeEnum: 1 (0x01) [0x1fed,0x1]
  ObjectId: 164 (0xa4) [0x1fee,0x4]
  MetadataId: 136 (0x88) [0x1ff2,0x4]
  MemberReferences: [
    3 (0x03) [0x1ff6,0x4]
    false (0x0) [0x1ffa,0x1]
  ]
ClassWithId:
  RecordTypeEnum: 1 (0x01) [0x1ffb,0x1]
  ObjectId: 165 (0xa5) [0x1ffc,0x4]
  MetadataId: 136 (0x88) [0x2000,0x4]
  MemberReferences: [
    4 (0x04) [0x2004,0x4]
    false (0x0) [0x2008,0x1]
  ]
MessageEnd:
  RecordTypeEnum: 11 (0x0b) [0x2009,0x1]
